<?xml version="1.0" encoding="UTF-8"?>
<testsuite xmlns:xsi="http://www.w3.org/2001/XMLSchema-instance" xsi:noNamespaceSchemaLocation="https://maven.apache.org/surefire/maven-surefire-plugin/xsd/surefire-test-report-3.0.xsd" version="3.0" name="com.ledger.KarateRunnerTest" time="1.354" tests="9" errors="0" skipped="0" failures="5">
  <properties>
[...]
</properties>
  <testcase name="[1:7] Successful login returns 200 with user data and JWT token" classname="com/ledger/login" time="0.582">
    <failure message="status code was: 400, expected: 201, response time in milliseconds: 45, url: http://localhost:8000/api/auth/signup/, response: &#10;{&quot;phone_number&quot;:[&quot;A user with this phone number already exists.&quot;]}&#10;classpath:com/ledger/login.feature:21" type="org.opentest4j.AssertionFailedError"><![CDATA[org.opentest4j.AssertionFailedError: 
status code was: 400, expected: 201, response time in milliseconds: 45, url: http://localhost:8000/api/auth/signup/, response: 
{"phone_number":["A user with this phone number already exists."]}
classpath:com/ledger/login.feature:21
	at com.intuit.karate.junit5.FeatureNode.lambda$next$1(FeatureNode.java:86)
	at java.base/java.util.stream.ForEachOps$ForEachOp$OfRef.accept(ForEachOps.java:186)
	at java.base/java.util.stream.ReferencePipeline$3$1.accept(ReferencePipeline.java:214)
	at java.base/java.util.stream.ReferencePipeline$2$1.accept(ReferencePipeline.java:197)
	at java.base/java.util.stream.ReferencePipeline$3$1.accept(ReferencePipeline.java:214)
	at java.base/java.util.Iterator.forEachRemaining(Iterator.java:133)
	at java.base/java.util.Spliterators$IteratorSpliterator.forEachRemaining(Spliterators.java:1939)
	at java.base/java.util.stream.AbstractPipeline.copyInto(AbstractPipeline.java:570)
	at java.base/java.util.stream.AbstractPipeline.wrapAndCopyInto(AbstractPipeline.java:560)
	at java.base/java.util.stream.ForEachOps$ForEachOp.evaluateSequential(ForEachOps.java:153)
	at java.base/java.util.stream.ForEachOps$ForEachOp$OfRef.evaluateSequential(ForEachOps.java:176)
	at java.base/java.util.stream.AbstractPipeline.evaluate(AbstractPipeline.java:265)
	at java.base/java.util.stream.ReferencePipeline.forEachOrdered(ReferencePipeline.java:637)
	at java.base/java.util.Optional.ifPresent(Optional.java:178)
	at java.base/java.util.ArrayList.forEach(ArrayList.java:1604)
	at java.base/java.util.ArrayList.forEach(ArrayList.java:1604)
]]></failure>
    <system-out><![CDATA[22:08:07.259 [main] DEBUG com.intuit.karate.Suite -- [config] classpath:karate-config.js
22:08:07.694 [main] DEBUG com.jayway.jsonpath.internal.path.CompiledPath -- Evaluating path: $
22:08:07.701 [main] DEBUG io.netty.util.internal.logging.InternalLoggerFactory -- Using SLF4J as the default logging framework
22:08:07.701 [main] DEBUG io.netty.util.internal.PlatformDependent0 -- Java version: 25
22:08:07.701 [main] DEBUG io.netty.util.internal.PlatformDependent0 -- -Dio.netty.noUnsafe: false
22:08:07.701 [main] DEBUG io.netty.util.internal.PlatformDependent0 -- sun.misc.Unsafe: unavailable (io.netty.noUnsafe=true by default on Java 25+)
22:08:07.701 [main] DEBUG io.netty.util.internal.PlatformDependent0 -- java.nio.DirectByteBuffer.<init>(long, {int,long}): unavailable
22:08:07.702 [main] DEBUG io.netty.util.internal.PlatformDependent -- maxDirectMemory: 4294967296 bytes (maybe)
22:08:07.702 [main] DEBUG io.netty.util.internal.PlatformDependent -- -Dio.netty.tmpdir: /var/folders/wk/nm8kndv552g_hwzs432ffflh0000gn/T (java.io.tmpdir)
22:08:07.702 [main] DEBUG io.netty.util.internal.PlatformDependent -- -Dio.netty.bitMode: 64 (sun.arch.data.model)
22:08:07.702 [main] DEBUG io.netty.util.internal.PlatformDependent -- Platform: MacOS
22:08:07.702 [main] DEBUG io.netty.util.internal.PlatformDependent -- -Dio.netty.maxDirectMemory: -1 bytes
22:08:07.702 [main] DEBUG io.netty.util.internal.CleanerJava9 -- java.nio.ByteBuffer.cleaner(): unavailable
java.lang.UnsupportedOperationException: sun.misc.Unsafe unavailable
	at io.netty.util.internal.CleanerJava9.<clinit>(CleanerJava9.java:70)
	at io.netty.util.internal.PlatformDependent.<clinit>(PlatformDependent.java:198)
	at io.netty.util.AsciiString.<init>(AsciiString.java:225)
	at io.netty.util.AsciiString.<init>(AsciiString.java:212)
	at io.netty.util.AsciiString.cached(AsciiString.java:1395)
	at io.netty.util.AsciiString.<clinit>(AsciiString.java:48)
	at io.netty.handler.codec.http.HttpStatusClass.<init>(HttpStatusClass.java:110)
	at io.netty.handler.codec.http.HttpStatusClass.<clinit>(HttpStatusClass.java:28)
	at io.netty.handler.codec.http.HttpResponseStatus.<init>(HttpResponseStatus.java:565)
	at io.netty.handler.codec.http.HttpResponseStatus.newStatus(HttpResponseStatus.java:331)
	at io.netty.handler.codec.http.HttpResponseStatus.<clinit>(HttpResponseStatus.java:39)
	at com.intuit.karate.http.HttpUtils.<clinit>(HttpUtils.java:248)
	at com.intuit.karate.http.HttpRequestBuilder.buildInternal(HttpRequestBuilder.java:217)
	at com.intuit.karate.http.HttpRequestBuilder.build(HttpRequestBuilder.java:150)
	at com.intuit.karate.core.ScenarioEngine.httpInvokeOnce(ScenarioEngine.java:595)
	at com.intuit.karate.core.ScenarioEngine.httpInvoke(ScenarioEngine.java:575)
	at com.intuit.karate.core.ScenarioEngine.method(ScenarioEngine.java:567)
	at com.intuit.karate.ScenarioActions.method(ScenarioActions.java:248)
	at java.base/jdk.internal.reflect.DirectMethodHandleAccessor.invoke(DirectMethodHandleAccessor.java:104)
	at java.base/java.lang.reflect.Method.invoke(Method.java:565)
	at com.intuit.karate.core.StepRuntime.execute(StepRuntime.java:288)
	at com.intuit.karate.core.ScenarioRuntime.execute(ScenarioRuntime.java:450)
	at com.intuit.karate.core.ScenarioRuntime.run(ScenarioRuntime.java:401)
	at com.intuit.karate.junit5.FeatureNode.lambda$next$1(FeatureNode.java:71)
	at org.junit.jupiter.engine.descriptor.DynamicTestTestDescriptor.lambda$execute$0(DynamicTestTestDescriptor.java:53)
	at org.junit.jupiter.engine.execution.InvocationInterceptorChain$ValidatingInvocation.proceed(InvocationInterceptorChain.java:131)
	at org.junit.jupiter.api.extension.InvocationInterceptor.interceptDynamicTest(InvocationInterceptor.java:167)
	at org.junit.jupiter.api.extension.InvocationInterceptor.interceptDynamicTest(InvocationInterceptor.java:184)
	at org.junit.jupiter.engine.descriptor.DynamicTestTestDescriptor.lambda$execute$1(DynamicTestTestDescriptor.java:61)
	at org.junit.jupiter.engine.execution.InvocationInterceptorChain$InterceptorCall.lambda$ofVoid$0(InvocationInterceptorChain.java:78)
	at org.junit.jupiter.engine.execution.InvocationInterceptorChain$InterceptedInvocation.proceed(InvocationInterceptorChain.java:106)
	at org.junit.jupiter.engine.execution.InvocationInterceptorChain.proceed(InvocationInterceptorChain.java:64)
	at org.junit.jupiter.engine.execution.InvocationInterceptorChain.chainAndInvoke(InvocationInterceptorChain.java:45)
	at org.junit.jupiter.engine.execution.InvocationInterceptorChain.invoke(InvocationInterceptorChain.java:37)
	at org.junit.jupiter.engine.descriptor.DynamicTestTestDescriptor.execute(DynamicTestTestDescriptor.java:60)
	at org.junit.jupiter.engine.descriptor.DynamicTestTestDescriptor.execute(DynamicTestTestDescriptor.java:32)
	at org.junit.platform.engine.support.hierarchical.NodeTestTask.lambda$executeRecursively$6(NodeTestTask.java:156)
	at org.junit.platform.engine.support.hierarchical.ThrowableCollector.execute(ThrowableCollector.java:73)
	at org.junit.platform.engine.support.hierarchical.NodeTestTask.lambda$executeRecursively$8(NodeTestTask.java:146)
	at org.junit.platform.engine.support.hierarchical.Node.around(Node.java:137)
	at org.junit.platform.engine.support.hierarchical.NodeTestTask.lambda$executeRecursively$9(NodeTestTask.java:144)
	at org.junit.platform.engine.support.hierarchical.ThrowableCollector.execute(ThrowableCollector.java:73)
	at org.junit.platform.engine.support.hierarchical.NodeTestTask.executeRecursively(NodeTestTask.java:143)
	at org.junit.platform.engine.support.hierarchical.NodeTestTask.execute(NodeTestTask.java:100)
	at org.junit.platform.engine.support.hierarchical.SameThreadHierarchicalTestExecutorService.submit(SameThreadHierarchicalTestExecutorService.java:35)
	at org.junit.platform.engine.support.hierarchical.NodeTestTask$DefaultDynamicTestExecutor.execute(NodeTestTask.java:231)
	at org.junit.platform.engine.support.hierarchical.NodeTestTask$DefaultDynamicTestExecutor.execute(NodeTestTask.java:209)
	at java.base/java.util.stream.ForEachOps$ForEachOp$OfRef.accept(ForEachOps.java:186)
	at java.base/java.util.stream.ReferencePipeline$3$1.accept(ReferencePipeline.java:214)
	at java.base/java.util.stream.ReferencePipeline$2$1.accept(ReferencePipeline.java:197)
	at java.base/java.util.stream.ReferencePipeline$3$1.accept(ReferencePipeline.java:214)
	at java.base/java.util.Iterator.forEachRemaining(Iterator.java:133)
	at java.base/java.util.Spliterators$IteratorSpliterator.forEachRemaining(Spliterators.java:1939)
	at java.base/java.util.stream.AbstractPipeline.copyInto(AbstractPipeline.java:570)
	at java.base/java.util.stream.AbstractPipeline.wrapAndCopyInto(AbstractPipeline.java:560)
	at java.base/java.util.stream.ForEachOps$ForEachOp.evaluateSequential(ForEachOps.java:153)
	at java.base/java.util.stream.ForEachOps$ForEachOp$OfRef.evaluateSequential(ForEachOps.java:176)
	at java.base/java.util.stream.AbstractPipeline.evaluate(AbstractPipeline.java:265)
	at java.base/java.util.stream.ReferencePipeline.forEachOrdered(ReferencePipeline.java:637)
	at org.junit.jupiter.engine.descriptor.DynamicContainerTestDescriptor.execute(DynamicContainerTestDescriptor.java:67)
	at org.junit.jupiter.engine.descriptor.DynamicContainerTestDescriptor.execute(DynamicContainerTestDescriptor.java:33)
	at org.junit.platform.engine.support.hierarchical.NodeTestTask.lambda$executeRecursively$6(NodeTestTask.java:156)
	at org.junit.platform.engine.support.hierarchical.ThrowableCollector.execute(ThrowableCollector.java:73)
	at org.junit.platform.engine.support.hierarchical.NodeTestTask.lambda$executeRecursively$8(NodeTestTask.java:146)
	at org.junit.platform.engine.support.hierarchical.Node.around(Node.java:137)
	at org.junit.platform.engine.support.hierarchical.NodeTestTask.lambda$executeRecursively$9(NodeTestTask.java:144)
	at org.junit.platform.engine.support.hierarchical.ThrowableCollector.execute(ThrowableCollector.java:73)
	at org.junit.platform.engine.support.hierarchical.NodeTestTask.executeRecursively(NodeTestTask.java:143)
	at org.junit.platform.engine.support.hierarchical.NodeTestTask.execute(NodeTestTask.java:100)
	at org.junit.platform.engine.support.hierarchical.SameThreadHierarchicalTestExecutorService.submit(SameThreadHierarchicalTestExecutorService.java:35)
	at org.junit.platform.engine.support.hierarchical.NodeTestTask$DefaultDynamicTestExecutor.execute(NodeTestTask.java:231)
	at org.junit.platform.engine.support.hierarchical.NodeTestTask$DefaultDynamicTestExecutor.execute(NodeTestTask.java:209)
	at java.base/java.util.Optional.ifPresent(Optional.java:178)
	at org.junit.jupiter.engine.descriptor.TestFactoryTestDescriptor.lambda$invokeTestMethod$1(TestFactoryTestDescriptor.java:108)
	at org.junit.platform.engine.support.hierarchical.ThrowableCollector.execute(ThrowableCollector.java:73)
	at org.junit.jupiter.engine.descriptor.TestFactoryTestDescriptor.invokeTestMethod(TestFactoryTestDescriptor.java:95)
	at org.junit.jupiter.engine.descriptor.TestMethodTestDescriptor.execute(TestMethodTestDescriptor.java:138)
	at org.junit.jupiter.engine.descriptor.TestMethodTestDescriptor.execute(TestMethodTestDescriptor.java:68)
	at org.junit.platform.engine.support.hierarchical.NodeTestTask.lambda$executeRecursively$6(NodeTestTask.java:156)
	at org.junit.platform.engine.support.hierarchical.ThrowableCollector.execute(ThrowableCollector.java:73)
	at org.junit.platform.engine.support.hierarchical.NodeTestTask.lambda$executeRecursively$8(NodeTestTask.java:146)
	at org.junit.platform.engine.support.hierarchical.Node.around(Node.java:137)
	at org.junit.platform.engine.support.hierarchical.NodeTestTask.lambda$executeRecursively$9(NodeTestTask.java:144)
	at org.junit.platform.engine.support.hierarchical.ThrowableCollector.execute(ThrowableCollector.java:73)
	at org.junit.platform.engine.support.hierarchical.NodeTestTask.executeRecursively(NodeTestTask.java:143)
	at org.junit.platform.engine.support.hierarchical.NodeTestTask.execute(NodeTestTask.java:100)
	at java.base/java.util.ArrayList.forEach(ArrayList.java:1604)
	at org.junit.platform.engine.support.hierarchical.SameThreadHierarchicalTestExecutorService.invokeAll(SameThreadHierarchicalTestExecutorService.java:41)
	at org.junit.platform.engine.support.hierarchical.NodeTestTask.lambda$executeRecursively$6(NodeTestTask.java:160)
	at org.junit.platform.engine.support.hierarchical.ThrowableCollector.execute(ThrowableCollector.java:73)
	at org.junit.platform.engine.support.hierarchical.NodeTestTask.lambda$executeRecursively$8(NodeTestTask.java:146)
	at org.junit.platform.engine.support.hierarchical.Node.around(Node.java:137)
	at org.junit.platform.engine.support.hierarchical.NodeTestTask.lambda$executeRecursively$9(NodeTestTask.java:144)
	at org.junit.platform.engine.support.hierarchical.ThrowableCollector.execute(ThrowableCollector.java:73)
	at org.junit.platform.engine.support.hierarchical.NodeTestTask.executeRecursively(NodeTestTask.java:143)
	at org.junit.platform.engine.support.hierarchical.NodeTestTask.execute(NodeTestTask.java:100)
	at java.base/java.util.ArrayList.forEach(ArrayList.java:1604)
	at org.junit.platform.engine.support.hierarchical.SameThreadHierarchicalTestExecutorService.invokeAll(SameThreadHierarchicalTestExecutorService.java:41)
	at org.junit.platform.engine.support.hierarchical.NodeTestTask.lambda$executeRecursively$6(NodeTestTask.java:160)
	at org.junit.platform.engine.support.hierarchical.ThrowableCollector.execute(ThrowableCollector.java:73)
	at org.junit.platform.engine.support.hierarchical.NodeTestTask.lambda$executeRecursively$8(NodeTestTask.java:146)
	at org.junit.platform.engine.support.hierarchical.Node.around(Node.java:137)
	at org.junit.platform.engine.support.hierarchical.NodeTestTask.lambda$executeRecursively$9(NodeTestTask.java:144)
	at org.junit.platform.engine.support.hierarchical.ThrowableCollector.execute(ThrowableCollector.java:73)
	at org.junit.platform.engine.support.hierarchical.NodeTestTask.executeRecursively(NodeTestTask.java:143)
	at org.junit.platform.engine.support.hierarchical.NodeTestTask.execute(NodeTestTask.java:100)
	at org.junit.platform.engine.support.hierarchical.SameThreadHierarchicalTestExecutorService.submit(SameThreadHierarchicalTestExecutorService.java:35)
	at org.junit.platform.engine.support.hierarchical.HierarchicalTestExecutor.execute(HierarchicalTestExecutor.java:57)
	at org.junit.platform.engine.support.hierarchical.HierarchicalTestEngine.execute(HierarchicalTestEngine.java:54)
	at org.junit.platform.launcher.core.EngineExecutionOrchestrator.execute(EngineExecutionOrchestrator.java:198)
	at org.junit.platform.launcher.core.EngineExecutionOrchestrator.execute(EngineExecutionOrchestrator.java:169)
	at org.junit.platform.launcher.core.EngineExecutionOrchestrator.execute(EngineExecutionOrchestrator.java:93)
	at org.junit.platform.launcher.core.EngineExecutionOrchestrator.lambda$execute$0(EngineExecutionOrchestrator.java:58)
	at org.junit.platform.launcher.core.EngineExecutionOrchestrator.withInterceptedStreams(EngineExecutionOrchestrator.java:141)
	at org.junit.platform.launcher.core.EngineExecutionOrchestrator.execute(EngineExecutionOrchestrator.java:57)
	at org.junit.platform.launcher.core.DefaultLauncher.execute(DefaultLauncher.java:103)
	at org.junit.platform.launcher.core.DefaultLauncher.execute(DefaultLauncher.java:85)
	at org.junit.platform.launcher.core.DelegatingLauncher.execute(DelegatingLauncher.java:47)
	at org.apache.maven.surefire.junitplatform.LazyLauncher.execute(LazyLauncher.java:56)
	at org.apache.maven.surefire.junitplatform.JUnitPlatformProvider.execute(JUnitPlatformProvider.java:184)
	at org.apache.maven.surefire.junitplatform.JUnitPlatformProvider.invokeAllTests(JUnitPlatformProvider.java:148)
	at org.apache.maven.surefire.junitplatform.JUnitPlatformProvider.invoke(JUnitPlatformProvider.java:122)
	at org.apache.maven.surefire.booter.ForkedBooter.runSuitesInProcess(ForkedBooter.java:385)
	at org.apache.maven.surefire.booter.ForkedBooter.execute(ForkedBooter.java:162)
	at org.apache.maven.surefire.booter.ForkedBooter.run(ForkedBooter.java:507)
	at org.apache.maven.surefire.booter.ForkedBooter.main(ForkedBooter.java:495)
22:08:07.703 [main] DEBUG io.netty.util.internal.CleanerJava24Linker -- java.nio.ByteBuffer.cleaner(): unavailable
java.lang.UnsupportedOperationException: Native access (restricted methods) is not enabled for the io.netty.common module.
	at io.netty.util.internal.CleanerJava24Linker.<clinit>(CleanerJava24Linker.java:78)
	at io.netty.util.internal.PlatformDependent.<clinit>(PlatformDependent.java:200)
	at io.netty.util.AsciiString.<init>(AsciiString.java:225)
	at io.netty.util.AsciiString.<init>(AsciiString.java:212)
	at io.netty.util.AsciiString.cached(AsciiString.java:1395)
	at io.netty.util.AsciiString.<clinit>(AsciiString.java:48)
	at io.netty.handler.codec.http.HttpStatusClass.<init>(HttpStatusClass.java:110)
	at io.netty.handler.codec.http.HttpStatusClass.<clinit>(HttpStatusClass.java:28)
	at io.netty.handler.codec.http.HttpResponseStatus.<init>(HttpResponseStatus.java:565)
	at io.netty.handler.codec.http.HttpResponseStatus.newStatus(HttpResponseStatus.java:331)
	at io.netty.handler.codec.http.HttpResponseStatus.<clinit>(HttpResponseStatus.java:39)
	at com.intuit.karate.http.HttpUtils.<clinit>(HttpUtils.java:248)
	at com.intuit.karate.http.HttpRequestBuilder.buildInternal(HttpRequestBuilder.java:217)
	at com.intuit.karate.http.HttpRequestBuilder.build(HttpRequestBuilder.java:150)
	at com.intuit.karate.core.ScenarioEngine.httpInvokeOnce(ScenarioEngine.java:595)
	at com.intuit.karate.core.ScenarioEngine.httpInvoke(ScenarioEngine.java:575)
	at com.intuit.karate.core.ScenarioEngine.method(ScenarioEngine.java:567)
	at com.intuit.karate.ScenarioActions.method(ScenarioActions.java:248)
	at java.base/jdk.internal.reflect.DirectMethodHandleAccessor.invoke(DirectMethodHandleAccessor.java:104)
	at java.base/java.lang.reflect.Method.invoke(Method.java:565)
	at com.intuit.karate.core.StepRuntime.execute(StepRuntime.java:288)
	at com.intuit.karate.core.ScenarioRuntime.execute(ScenarioRuntime.java:450)
	at com.intuit.karate.core.ScenarioRuntime.run(ScenarioRuntime.java:401)
	at com.intuit.karate.junit5.FeatureNode.lambda$next$1(FeatureNode.java:71)
	at org.junit.jupiter.engine.descriptor.DynamicTestTestDescriptor.lambda$execute$0(DynamicTestTestDescriptor.java:53)
	at org.junit.jupiter.engine.execution.InvocationInterceptorChain$ValidatingInvocation.proceed(InvocationInterceptorChain.java:131)
	at org.junit.jupiter.api.extension.InvocationInterceptor.interceptDynamicTest(InvocationInterceptor.java:167)
	at org.junit.jupiter.api.extension.InvocationInterceptor.interceptDynamicTest(InvocationInterceptor.java:184)
	at org.junit.jupiter.engine.descriptor.DynamicTestTestDescriptor.lambda$execute$1(DynamicTestTestDescriptor.java:61)
	at org.junit.jupiter.engine.execution.InvocationInterceptorChain$InterceptorCall.lambda$ofVoid$0(InvocationInterceptorChain.java:78)
	at org.junit.jupiter.engine.execution.InvocationInterceptorChain$InterceptedInvocation.proceed(InvocationInterceptorChain.java:106)
	at org.junit.jupiter.engine.execution.InvocationInterceptorChain.proceed(InvocationInterceptorChain.java:64)
	at org.junit.jupiter.engine.execution.InvocationInterceptorChain.chainAndInvoke(InvocationInterceptorChain.java:45)
	at org.junit.jupiter.engine.execution.InvocationInterceptorChain.invoke(InvocationInterceptorChain.java:37)
	at org.junit.jupiter.engine.descriptor.DynamicTestTestDescriptor.execute(DynamicTestTestDescriptor.java:60)
	at org.junit.jupiter.engine.descriptor.DynamicTestTestDescriptor.execute(DynamicTestTestDescriptor.java:32)
	at org.junit.platform.engine.support.hierarchical.NodeTestTask.lambda$executeRecursively$6(NodeTestTask.java:156)
	at org.junit.platform.engine.support.hierarchical.ThrowableCollector.execute(ThrowableCollector.java:73)
	at org.junit.platform.engine.support.hierarchical.NodeTestTask.lambda$executeRecursively$8(NodeTestTask.java:146)
	at org.junit.platform.engine.support.hierarchical.Node.around(Node.java:137)
	at org.junit.platform.engine.support.hierarchical.NodeTestTask.lambda$executeRecursively$9(NodeTestTask.java:144)
	at org.junit.platform.engine.support.hierarchical.ThrowableCollector.execute(ThrowableCollector.java:73)
	at org.junit.platform.engine.support.hierarchical.NodeTestTask.executeRecursively(NodeTestTask.java:143)
	at org.junit.platform.engine.support.hierarchical.NodeTestTask.execute(NodeTestTask.java:100)
	at org.junit.platform.engine.support.hierarchical.SameThreadHierarchicalTestExecutorService.submit(SameThreadHierarchicalTestExecutorService.java:35)
	at org.junit.platform.engine.support.hierarchical.NodeTestTask$DefaultDynamicTestExecutor.execute(NodeTestTask.java:231)
	at org.junit.platform.engine.support.hierarchical.NodeTestTask$DefaultDynamicTestExecutor.execute(NodeTestTask.java:209)
	at java.base/java.util.stream.ForEachOps$ForEachOp$OfRef.accept(ForEachOps.java:186)
	at java.base/java.util.stream.ReferencePipeline$3$1.accept(ReferencePipeline.java:214)
	at java.base/java.util.stream.ReferencePipeline$2$1.accept(ReferencePipeline.java:197)
	at java.base/java.util.stream.ReferencePipeline$3$1.accept(ReferencePipeline.java:214)
	at java.base/java.util.Iterator.forEachRemaining(Iterator.java:133)
	at java.base/java.util.Spliterators$IteratorSpliterator.forEachRemaining(Spliterators.java:1939)
	at java.base/java.util.stream.AbstractPipeline.copyInto(AbstractPipeline.java:570)
	at java.base/java.util.stream.AbstractPipeline.wrapAndCopyInto(AbstractPipeline.java:560)
	at java.base/java.util.stream.ForEachOps$ForEachOp.evaluateSequential(ForEachOps.java:153)
	at java.base/java.util.stream.ForEachOps$ForEachOp$OfRef.evaluateSequential(ForEachOps.java:176)
	at java.base/java.util.stream.AbstractPipeline.evaluate(AbstractPipeline.java:265)
	at java.base/java.util.stream.ReferencePipeline.forEachOrdered(ReferencePipeline.java:637)
	at org.junit.jupiter.engine.descriptor.DynamicContainerTestDescriptor.execute(DynamicContainerTestDescriptor.java:67)
	at org.junit.jupiter.engine.descriptor.DynamicContainerTestDescriptor.execute(DynamicContainerTestDescriptor.java:33)
	at org.junit.platform.engine.support.hierarchical.NodeTestTask.lambda$executeRecursively$6(NodeTestTask.java:156)
	at org.junit.platform.engine.support.hierarchical.ThrowableCollector.execute(ThrowableCollector.java:73)
	at org.junit.platform.engine.support.hierarchical.NodeTestTask.lambda$executeRecursively$8(NodeTestTask.java:146)
	at org.junit.platform.engine.support.hierarchical.Node.around(Node.java:137)
	at org.junit.platform.engine.support.hierarchical.NodeTestTask.lambda$executeRecursively$9(NodeTestTask.java:144)
	at org.junit.platform.engine.support.hierarchical.ThrowableCollector.execute(ThrowableCollector.java:73)
	at org.junit.platform.engine.support.hierarchical.NodeTestTask.executeRecursively(NodeTestTask.java:143)
	at org.junit.platform.engine.support.hierarchical.NodeTestTask.execute(NodeTestTask.java:100)
	at org.junit.platform.engine.support.hierarchical.SameThreadHierarchicalTestExecutorService.submit(SameThreadHierarchicalTestExecutorService.java:35)
	at org.junit.platform.engine.support.hierarchical.NodeTestTask$DefaultDynamicTestExecutor.execute(NodeTestTask.java:231)
	at org.junit.platform.engine.support.hierarchical.NodeTestTask$DefaultDynamicTestExecutor.execute(NodeTestTask.java:209)
	at java.base/java.util.Optional.ifPresent(Optional.java:178)
	at org.junit.jupiter.engine.descriptor.TestFactoryTestDescriptor.lambda$invokeTestMethod$1(TestFactoryTestDescriptor.java:108)
	at org.junit.platform.engine.support.hierarchical.ThrowableCollector.execute(ThrowableCollector.java:73)
	at org.junit.jupiter.engine.descriptor.TestFactoryTestDescriptor.invokeTestMethod(TestFactoryTestDescriptor.java:95)
	at org.junit.jupiter.engine.descriptor.TestMethodTestDescriptor.execute(TestMethodTestDescriptor.java:138)
	at org.junit.jupiter.engine.descriptor.TestMethodTestDescriptor.execute(TestMethodTestDescriptor.java:68)
	at org.junit.platform.engine.support.hierarchical.NodeTestTask.lambda$executeRecursively$6(NodeTestTask.java:156)
	at org.junit.platform.engine.support.hierarchical.ThrowableCollector.execute(ThrowableCollector.java:73)
	at org.junit.platform.engine.support.hierarchical.NodeTestTask.lambda$executeRecursively$8(NodeTestTask.java:146)
	at org.junit.platform.engine.support.hierarchical.Node.around(Node.java:137)
	at org.junit.platform.engine.support.hierarchical.NodeTestTask.lambda$executeRecursively$9(NodeTestTask.java:144)
	at org.junit.platform.engine.support.hierarchical.ThrowableCollector.execute(ThrowableCollector.java:73)
	at org.junit.platform.engine.support.hierarchical.NodeTestTask.executeRecursively(NodeTestTask.java:143)
	at org.junit.platform.engine.support.hierarchical.NodeTestTask.execute(NodeTestTask.java:100)
	at java.base/java.util.ArrayList.forEach(ArrayList.java:1604)
	at org.junit.platform.engine.support.hierarchical.SameThreadHierarchicalTestExecutorService.invokeAll(SameThreadHierarchicalTestExecutorService.java:41)
	at org.junit.platform.engine.support.hierarchical.NodeTestTask.lambda$executeRecursively$6(NodeTestTask.java:160)
	at org.junit.platform.engine.support.hierarchical.ThrowableCollector.execute(ThrowableCollector.java:73)
	at org.junit.platform.engine.support.hierarchical.NodeTestTask.lambda$executeRecursively$8(NodeTestTask.java:146)
	at org.junit.platform.engine.support.hierarchical.Node.around(Node.java:137)
	at org.junit.platform.engine.support.hierarchical.NodeTestTask.lambda$executeRecursively$9(NodeTestTask.java:144)
	at org.junit.platform.engine.support.hierarchical.ThrowableCollector.execute(ThrowableCollector.java:73)
	at org.junit.platform.engine.support.hierarchical.NodeTestTask.executeRecursively(NodeTestTask.java:143)
	at org.junit.platform.engine.support.hierarchical.NodeTestTask.execute(NodeTestTask.java:100)
	at java.base/java.util.ArrayList.forEach(ArrayList.java:1604)
	at org.junit.platform.engine.support.hierarchical.SameThreadHierarchicalTestExecutorService.invokeAll(SameThreadHierarchicalTestExecutorService.java:41)
	at org.junit.platform.engine.support.hierarchical.NodeTestTask.lambda$executeRecursively$6(NodeTestTask.java:160)
	at org.junit.platform.engine.support.hierarchical.ThrowableCollector.execute(ThrowableCollector.java:73)
	at org.junit.platform.engine.support.hierarchical.NodeTestTask.lambda$executeRecursively$8(NodeTestTask.java:146)
	at org.junit.platform.engine.support.hierarchical.Node.around(Node.java:137)
	at org.junit.platform.engine.support.hierarchical.NodeTestTask.lambda$executeRecursively$9(NodeTestTask.java:144)
	at org.junit.platform.engine.support.hierarchical.ThrowableCollector.execute(ThrowableCollector.java:73)
	at org.junit.platform.engine.support.hierarchical.NodeTestTask.executeRecursively(NodeTestTask.java:143)
	at org.junit.platform.engine.support.hierarchical.NodeTestTask.execute(NodeTestTask.java:100)
	at org.junit.platform.engine.support.hierarchical.SameThreadHierarchicalTestExecutorService.submit(SameThreadHierarchicalTestExecutorService.java:35)
	at org.junit.platform.engine.support.hierarchical.HierarchicalTestExecutor.execute(HierarchicalTestExecutor.java:57)
	at org.junit.platform.engine.support.hierarchical.HierarchicalTestEngine.execute(HierarchicalTestEngine.java:54)
	at org.junit.platform.launcher.core.EngineExecutionOrchestrator.execute(EngineExecutionOrchestrator.java:198)
	at org.junit.platform.launcher.core.EngineExecutionOrchestrator.execute(EngineExecutionOrchestrator.java:169)
	at org.junit.platform.launcher.core.EngineExecutionOrchestrator.execute(EngineExecutionOrchestrator.java:93)
	at org.junit.platform.launcher.core.EngineExecutionOrchestrator.lambda$execute$0(EngineExecutionOrchestrator.java:58)
	at org.junit.platform.launcher.core.EngineExecutionOrchestrator.withInterceptedStreams(EngineExecutionOrchestrator.java:141)
	at org.junit.platform.launcher.core.EngineExecutionOrchestrator.execute(EngineExecutionOrchestrator.java:57)
	at org.junit.platform.launcher.core.DefaultLauncher.execute(DefaultLauncher.java:103)
	at org.junit.platform.launcher.core.DefaultLauncher.execute(DefaultLauncher.java:85)
	at org.junit.platform.launcher.core.DelegatingLauncher.execute(DelegatingLauncher.java:47)
	at org.apache.maven.surefire.junitplatform.LazyLauncher.execute(LazyLauncher.java:56)
	at org.apache.maven.surefire.junitplatform.JUnitPlatformProvider.execute(JUnitPlatformProvider.java:184)
	at org.apache.maven.surefire.junitplatform.JUnitPlatformProvider.invokeAllTests(JUnitPlatformProvider.java:148)
	at org.apache.maven.surefire.junitplatform.JUnitPlatformProvider.invoke(JUnitPlatformProvider.java:122)
	at org.apache.maven.surefire.booter.ForkedBooter.runSuitesInProcess(ForkedBooter.java:385)
	at org.apache.maven.surefire.booter.ForkedBooter.execute(ForkedBooter.java:162)
	at org.apache.maven.surefire.booter.ForkedBooter.run(ForkedBooter.java:507)
	at org.apache.maven.surefire.booter.ForkedBooter.main(ForkedBooter.java:495)
22:08:07.710 [main] DEBUG io.netty.util.internal.CleanerJava25 -- java.nio.ByteBuffer.cleaner(): available
22:08:07.710 [main] DEBUG io.netty.util.internal.PlatformDependent -- -Dio.netty.noPreferDirect: false
22:08:07.711 [main] DEBUG io.netty.util.internal.PlatformDependent -- -Dio.netty.jfr.enabled: true
22:08:07.712 [main] DEBUG io.netty.util.internal.PlatformDependent -- java.lang.invoke.VarHandle: available
22:08:07.712 [main] DEBUG io.netty.util.internal.PlatformDependent -- -Dio.netty.varHandle.enabled: true
22:08:07.798 [main] DEBUG org.apache.http.client.protocol.RequestAddCookies -- CookieSpec selected: karate
22:08:07.800 [main] DEBUG org.apache.http.client.protocol.RequestAuthCache -- Auth cache not set in the context
22:08:07.800 [main] DEBUG com.intuit.karate -- request:
1 > POST http://localhost:8000/api/auth/signup/
1 > Content-Type: application/json; charset=UTF-8
1 > Content-Length: 112
1 > Host: localhost:8000
1 > Connection: Keep-Alive
1 > User-Agent: Apache-HttpClient/4.5.14 (Java/25.0.2)
1 > Accept-Encoding: gzip,deflate
{"first_name":"Login","last_name":"User","dob":"1990-01-01","phone_number":"8100000001","password":"mypassword"}

22:08:07.801 [main] DEBUG org.apache.http.impl.conn.PoolingHttpClientConnectionManager -- Connection request: [route: {}->http://localhost:8000][total available: 0; route allocated: 0 of 5; total allocated: 0 of 10]
22:08:07.803 [main] DEBUG org.apache.http.impl.conn.PoolingHttpClientConnectionManager -- Connection leased: [id: 0][route: {}->http://localhost:8000][total available: 0; route allocated: 1 of 5; total allocated: 1 of 10]
22:08:07.803 [main] DEBUG org.apache.http.impl.execchain.MainClientExec -- Opening connection {}->http://localhost:8000
22:08:07.813 [main] DEBUG org.apache.http.impl.conn.DefaultHttpClientConnectionOperator -- Connecting to localhost/127.0.0.1:8000
22:08:07.814 [main] DEBUG org.apache.http.impl.conn.DefaultHttpClientConnectionOperator -- Connection established 127.0.0.1:52841<->127.0.0.1:8000
22:08:07.814 [main] DEBUG org.apache.http.impl.conn.DefaultManagedHttpClientConnection -- http-outgoing-0: set socket timeout to 30000
22:08:07.814 [main] DEBUG org.apache.http.impl.execchain.MainClientExec -- Executing request POST /api/auth/signup/ HTTP/1.1
22:08:07.814 [main] DEBUG org.apache.http.impl.execchain.MainClientExec -- Target auth state: UNCHALLENGED
22:08:07.814 [main] DEBUG org.apache.http.impl.execchain.MainClientExec -- Proxy auth state: UNCHALLENGED
22:08:07.814 [main] DEBUG org.apache.http.headers -- http-outgoing-0 >> POST /api/auth/signup/ HTTP/1.1
22:08:07.814 [main] DEBUG org.apache.http.headers -- http-outgoing-0 >> Content-Type: application/json; charset=UTF-8
22:08:07.814 [main] DEBUG org.apache.http.headers -- http-outgoing-0 >> Content-Length: 112
22:08:07.814 [main] DEBUG org.apache.http.headers -- http-outgoing-0 >> Host: localhost:8000
22:08:07.814 [main] DEBUG org.apache.http.headers -- http-outgoing-0 >> Connection: Keep-Alive
22:08:07.814 [main] DEBUG org.apache.http.headers -- http-outgoing-0 >> User-Agent: Apache-HttpClient/4.5.14 (Java/25.0.2)
22:08:07.814 [main] DEBUG org.apache.http.headers -- http-outgoing-0 >> Accept-Encoding: gzip,deflate
22:08:07.814 [main] DEBUG org.apache.http.wire -- http-outgoing-0 >> "POST /api/auth/signup/ HTTP/1.1[\r][\n]"
22:08:07.814 [main] DEBUG org.apache.http.wire -- http-outgoing-0 >> "Content-Type: application/json; charset=UTF-8[\r][\n]"
22:08:07.814 [main] DEBUG org.apache.http.wire -- http-outgoing-0 >> "Content-Length: 112[\r][\n]"
22:08:07.814 [main] DEBUG org.apache.http.wire -- http-outgoing-0 >> "Host: localhost:8000[\r][\n]"
22:08:07.814 [main] DEBUG org.apache.http.wire -- http-outgoing-0 >> "Connection: Keep-Alive[\r][\n]"
22:08:07.815 [main] DEBUG org.apache.http.wire -- http-outgoing-0 >> "User-Agent: Apache-HttpClient/4.5.14 (Java/25.0.2)[\r][\n]"
22:08:07.815 [main] DEBUG org.apache.http.wire -- http-outgoing-0 >> "Accept-Encoding: gzip,deflate[\r][\n]"
22:08:07.815 [main] DEBUG org.apache.http.wire -- http-outgoing-0 >> "[\r][\n]"
22:08:07.815 [main] DEBUG org.apache.http.wire -- http-outgoing-0 >> "{"first_name":"Login","last_name":"User","dob":"1990-01-01","phone_number":"8100000001","password":"mypassword"}"
22:08:07.843 [main] DEBUG org.apache.http.wire -- http-outgoing-0 << "HTTP/1.1 400 Bad Request[\r][\n]"
22:08:07.843 [main] DEBUG org.apache.http.wire -- http-outgoing-0 << "Date: Wed, 22 Apr 2026 16:38:07 GMT[\r][\n]"
22:08:07.844 [main] DEBUG org.apache.http.wire -- http-outgoing-0 << "Server: WSGIServer/0.2 CPython/3.14.3[\r][\n]"
22:08:07.844 [main] DEBUG org.apache.http.wire -- http-outgoing-0 << "Content-Type: application/json[\r][\n]"
22:08:07.844 [main] DEBUG org.apache.http.wire -- http-outgoing-0 << "Vary: Accept, origin[\r][\n]"
22:08:07.844 [main] DEBUG org.apache.http.wire -- http-outgoing-0 << "Allow: POST, OPTIONS[\r][\n]"
22:08:07.844 [main] DEBUG org.apache.http.wire -- http-outgoing-0 << "Content-Length: 66[\r][\n]"
22:08:07.844 [main] DEBUG org.apache.http.wire -- http-outgoing-0 << "X-Content-Type-Options: nosniff[\r][\n]"
22:08:07.844 [main] DEBUG org.apache.http.wire -- http-outgoing-0 << "Referrer-Policy: same-origin[\r][\n]"
22:08:07.844 [main] DEBUG org.apache.http.wire -- http-outgoing-0 << "Cross-Origin-Opener-Policy: same-origin[\r][\n]"
22:08:07.844 [main] DEBUG org.apache.http.wire -- http-outgoing-0 << "[\r][\n]"
22:08:07.844 [main] DEBUG org.apache.http.wire -- http-outgoing-0 << "{"phone_number":["A user with this phone number already exists."]}"
22:08:07.844 [main] DEBUG org.apache.http.headers -- http-outgoing-0 << HTTP/1.1 400 Bad Request
22:08:07.844 [main] DEBUG org.apache.http.headers -- http-outgoing-0 << Date: Wed, 22 Apr 2026 16:38:07 GMT
22:08:07.844 [main] DEBUG org.apache.http.headers -- http-outgoing-0 << Server: WSGIServer/0.2 CPython/3.14.3
22:08:07.844 [main] DEBUG org.apache.http.headers -- http-outgoing-0 << Content-Type: application/json
22:08:07.844 [main] DEBUG org.apache.http.headers -- http-outgoing-0 << Vary: Accept, origin
22:08:07.844 [main] DEBUG org.apache.http.headers -- http-outgoing-0 << Allow: POST, OPTIONS
22:08:07.844 [main] DEBUG org.apache.http.headers -- http-outgoing-0 << Content-Length: 66
22:08:07.844 [main] DEBUG org.apache.http.headers -- http-outgoing-0 << X-Content-Type-Options: nosniff
22:08:07.844 [main] DEBUG org.apache.http.headers -- http-outgoing-0 << Referrer-Policy: same-origin
22:08:07.844 [main] DEBUG org.apache.http.headers -- http-outgoing-0 << Cross-Origin-Opener-Policy: same-origin
22:08:07.845 [main] DEBUG org.apache.http.impl.execchain.MainClientExec -- Connection can be kept alive indefinitely
22:08:07.845 [main] DEBUG org.apache.http.impl.conn.PoolingHttpClientConnectionManager -- Connection [id: 0][route: {}->http://localhost:8000] can be kept alive indefinitely
22:08:07.845 [main] DEBUG org.apache.http.impl.conn.DefaultManagedHttpClientConnection -- http-outgoing-0: set socket timeout to 0
22:08:07.845 [main] DEBUG org.apache.http.impl.conn.PoolingHttpClientConnectionManager -- Connection released: [id: 0][route: {}->http://localhost:8000][total available: 1; route allocated: 1 of 5; total allocated: 1 of 10]
22:08:07.845 [main] DEBUG org.apache.http.impl.conn.PoolingHttpClientConnectionManager -- Connection manager is shutting down
22:08:07.845 [main] DEBUG org.apache.http.impl.conn.DefaultManagedHttpClientConnection -- http-outgoing-0: Close connection
22:08:07.846 [main] DEBUG org.apache.http.impl.conn.PoolingHttpClientConnectionManager -- Connection manager shut down
22:08:07.846 [main] DEBUG com.intuit.karate -- response time in milliseconds: 45
1 < 400
1 < Date: Wed, 22 Apr 2026 16:38:07 GMT
1 < Server: WSGIServer/0.2 CPython/3.14.3
1 < Content-Type: application/json
1 < Vary: Accept, origin
1 < Allow: POST, OPTIONS
1 < Content-Length: 66
1 < X-Content-Type-Options: nosniff
1 < Referrer-Policy: same-origin
1 < Cross-Origin-Opener-Policy: same-origin
{"phone_number":["A user with this phone number already exists."]}

22:08:07.850 [main] ERROR com.intuit.karate -- classpath:com/ledger/login.feature:21
Then status 201
status code was: 400, expected: 201, response time in milliseconds: 45, url: http://localhost:8000/api/auth/signup/, response: 
{"phone_number":["A user with this phone number already exists."]}
classpath:com/ledger/login.feature:21
]]></system-out>
  </testcase>
  <testcase name="[2:33] Login with a token returns a usable JWT string" classname="com/ledger/login" time="0.019">
    <failure message="status code was: 400, expected: 201, response time in milliseconds: 13, url: http://localhost:8000/api/auth/signup/, response: &#10;{&quot;phone_number&quot;:[&quot;A user with this phone number already exists.&quot;]}&#10;classpath:com/ledger/login.feature:47" type="org.opentest4j.AssertionFailedError"><![CDATA[org.opentest4j.AssertionFailedError: 
status code was: 400, expected: 201, response time in milliseconds: 13, url: http://localhost:8000/api/auth/signup/, response: 
{"phone_number":["A user with this phone number already exists."]}
classpath:com/ledger/login.feature:47
	at com.intuit.karate.junit5.FeatureNode.lambda$next$1(FeatureNode.java:86)
	at java.base/java.util.stream.ForEachOps$ForEachOp$OfRef.accept(ForEachOps.java:186)
	at java.base/java.util.stream.ReferencePipeline$3$1.accept(ReferencePipeline.java:214)
	at java.base/java.util.stream.ReferencePipeline$2$1.accept(ReferencePipeline.java:197)
	at java.base/java.util.stream.ReferencePipeline$3$1.accept(ReferencePipeline.java:214)
	at java.base/java.util.Iterator.forEachRemaining(Iterator.java:133)
	at java.base/java.util.Spliterators$IteratorSpliterator.forEachRemaining(Spliterators.java:1939)
	at java.base/java.util.stream.AbstractPipeline.copyInto(AbstractPipeline.java:570)
	at java.base/java.util.stream.AbstractPipeline.wrapAndCopyInto(AbstractPipeline.java:560)
	at java.base/java.util.stream.ForEachOps$ForEachOp.evaluateSequential(ForEachOps.java:153)
	at java.base/java.util.stream.ForEachOps$ForEachOp$OfRef.evaluateSequential(ForEachOps.java:176)
	at java.base/java.util.stream.AbstractPipeline.evaluate(AbstractPipeline.java:265)
	at java.base/java.util.stream.ReferencePipeline.forEachOrdered(ReferencePipeline.java:637)
	at java.base/java.util.Optional.ifPresent(Optional.java:178)
	at java.base/java.util.ArrayList.forEach(ArrayList.java:1604)
	at java.base/java.util.ArrayList.forEach(ArrayList.java:1604)
]]></failure>
    <system-out><![CDATA[22:08:07.859 [main] DEBUG com.jayway.jsonpath.internal.path.CompiledPath -- Evaluating path: $
22:08:07.859 [main] DEBUG org.apache.http.client.protocol.RequestAddCookies -- CookieSpec selected: karate
22:08:07.859 [main] DEBUG org.apache.http.client.protocol.RequestAuthCache -- Auth cache not set in the context
22:08:07.859 [main] DEBUG com.intuit.karate -- request:
1 > POST http://localhost:8000/api/auth/signup/
1 > Content-Type: application/json; charset=UTF-8
1 > Content-Length: 113
1 > Host: localhost:8000
1 > Connection: Keep-Alive
1 > User-Agent: Apache-HttpClient/4.5.14 (Java/25.0.2)
1 > Accept-Encoding: gzip,deflate
{"first_name":"Token","last_name":"Check","dob":"1991-02-02","phone_number":"8100000002","password":"mypassword"}

22:08:07.859 [main] DEBUG org.apache.http.impl.conn.PoolingHttpClientConnectionManager -- Connection request: [route: {}->http://localhost:8000][total available: 0; route allocated: 0 of 5; total allocated: 0 of 10]
22:08:07.860 [main] DEBUG org.apache.http.impl.conn.PoolingHttpClientConnectionManager -- Connection leased: [id: 1][route: {}->http://localhost:8000][total available: 0; route allocated: 1 of 5; total allocated: 1 of 10]
22:08:07.860 [main] DEBUG org.apache.http.impl.execchain.MainClientExec -- Opening connection {}->http://localhost:8000
22:08:07.860 [main] DEBUG org.apache.http.impl.conn.DefaultHttpClientConnectionOperator -- Connecting to localhost/127.0.0.1:8000
22:08:07.860 [main] DEBUG org.apache.http.impl.conn.DefaultHttpClientConnectionOperator -- Connection established 127.0.0.1:52843<->127.0.0.1:8000
22:08:07.860 [main] DEBUG org.apache.http.impl.conn.DefaultManagedHttpClientConnection -- http-outgoing-1: set socket timeout to 30000
22:08:07.860 [main] DEBUG org.apache.http.impl.execchain.MainClientExec -- Executing request POST /api/auth/signup/ HTTP/1.1
22:08:07.860 [main] DEBUG org.apache.http.impl.execchain.MainClientExec -- Target auth state: UNCHALLENGED
22:08:07.860 [main] DEBUG org.apache.http.impl.execchain.MainClientExec -- Proxy auth state: UNCHALLENGED
22:08:07.860 [main] DEBUG org.apache.http.headers -- http-outgoing-1 >> POST /api/auth/signup/ HTTP/1.1
22:08:07.860 [main] DEBUG org.apache.http.headers -- http-outgoing-1 >> Content-Type: application/json; charset=UTF-8
22:08:07.860 [main] DEBUG org.apache.http.headers -- http-outgoing-1 >> Content-Length: 113
22:08:07.860 [main] DEBUG org.apache.http.headers -- http-outgoing-1 >> Host: localhost:8000
22:08:07.860 [main] DEBUG org.apache.http.headers -- http-outgoing-1 >> Connection: Keep-Alive
22:08:07.860 [main] DEBUG org.apache.http.headers -- http-outgoing-1 >> User-Agent: Apache-HttpClient/4.5.14 (Java/25.0.2)
22:08:07.860 [main] DEBUG org.apache.http.headers -- http-outgoing-1 >> Accept-Encoding: gzip,deflate
22:08:07.860 [main] DEBUG org.apache.http.wire -- http-outgoing-1 >> "POST /api/auth/signup/ HTTP/1.1[\r][\n]"
22:08:07.860 [main] DEBUG org.apache.http.wire -- http-outgoing-1 >> "Content-Type: application/json; charset=UTF-8[\r][\n]"
22:08:07.860 [main] DEBUG org.apache.http.wire -- http-outgoing-1 >> "Content-Length: 113[\r][\n]"
22:08:07.860 [main] DEBUG org.apache.http.wire -- http-outgoing-1 >> "Host: localhost:8000[\r][\n]"
22:08:07.860 [main] DEBUG org.apache.http.wire -- http-outgoing-1 >> "Connection: Keep-Alive[\r][\n]"
22:08:07.860 [main] DEBUG org.apache.http.wire -- http-outgoing-1 >> "User-Agent: Apache-HttpClient/4.5.14 (Java/25.0.2)[\r][\n]"
22:08:07.860 [main] DEBUG org.apache.http.wire -- http-outgoing-1 >> "Accept-Encoding: gzip,deflate[\r][\n]"
22:08:07.860 [main] DEBUG org.apache.http.wire -- http-outgoing-1 >> "[\r][\n]"
22:08:07.860 [main] DEBUG org.apache.http.wire -- http-outgoing-1 >> "{"first_name":"Token","last_name":"Check","dob":"1991-02-02","phone_number":"8100000002","password":"mypassword"}"
22:08:07.871 [main] DEBUG org.apache.http.wire -- http-outgoing-1 << "HTTP/1.1 400 Bad Request[\r][\n]"
22:08:07.872 [main] DEBUG org.apache.http.wire -- http-outgoing-1 << "Date: Wed, 22 Apr 2026 16:38:07 GMT[\r][\n]"
22:08:07.872 [main] DEBUG org.apache.http.wire -- http-outgoing-1 << "Server: WSGIServer/0.2 CPython/3.14.3[\r][\n]"
22:08:07.872 [main] DEBUG org.apache.http.wire -- http-outgoing-1 << "Content-Type: application/json[\r][\n]"
22:08:07.872 [main] DEBUG org.apache.http.wire -- http-outgoing-1 << "Vary: Accept, origin[\r][\n]"
22:08:07.872 [main] DEBUG org.apache.http.wire -- http-outgoing-1 << "Allow: POST, OPTIONS[\r][\n]"
22:08:07.872 [main] DEBUG org.apache.http.wire -- http-outgoing-1 << "Content-Length: 66[\r][\n]"
22:08:07.872 [main] DEBUG org.apache.http.wire -- http-outgoing-1 << "X-Content-Type-Options: nosniff[\r][\n]"
22:08:07.872 [main] DEBUG org.apache.http.wire -- http-outgoing-1 << "Referrer-Policy: same-origin[\r][\n]"
22:08:07.872 [main] DEBUG org.apache.http.wire -- http-outgoing-1 << "Cross-Origin-Opener-Policy: same-origin[\r][\n]"
22:08:07.872 [main] DEBUG org.apache.http.wire -- http-outgoing-1 << "[\r][\n]"
22:08:07.872 [main] DEBUG org.apache.http.wire -- http-outgoing-1 << "{"phone_number":["A user with this phone number already exists."]}"
22:08:07.872 [main] DEBUG org.apache.http.headers -- http-outgoing-1 << HTTP/1.1 400 Bad Request
22:08:07.872 [main] DEBUG org.apache.http.headers -- http-outgoing-1 << Date: Wed, 22 Apr 2026 16:38:07 GMT
22:08:07.872 [main] DEBUG org.apache.http.headers -- http-outgoing-1 << Server: WSGIServer/0.2 CPython/3.14.3
22:08:07.872 [main] DEBUG org.apache.http.headers -- http-outgoing-1 << Content-Type: application/json
22:08:07.872 [main] DEBUG org.apache.http.headers -- http-outgoing-1 << Vary: Accept, origin
22:08:07.872 [main] DEBUG org.apache.http.headers -- http-outgoing-1 << Allow: POST, OPTIONS
22:08:07.872 [main] DEBUG org.apache.http.headers -- http-outgoing-1 << Content-Length: 66
22:08:07.872 [main] DEBUG org.apache.http.headers -- http-outgoing-1 << X-Content-Type-Options: nosniff
22:08:07.872 [main] DEBUG org.apache.http.headers -- http-outgoing-1 << Referrer-Policy: same-origin
22:08:07.872 [main] DEBUG org.apache.http.headers -- http-outgoing-1 << Cross-Origin-Opener-Policy: same-origin
22:08:07.872 [main] DEBUG org.apache.http.impl.execchain.MainClientExec -- Connection can be kept alive indefinitely
22:08:07.872 [main] DEBUG org.apache.http.impl.conn.PoolingHttpClientConnectionManager -- Connection [id: 1][route: {}->http://localhost:8000] can be kept alive indefinitely
22:08:07.872 [main] DEBUG org.apache.http.impl.conn.DefaultManagedHttpClientConnection -- http-outgoing-1: set socket timeout to 0
22:08:07.872 [main] DEBUG org.apache.http.impl.conn.PoolingHttpClientConnectionManager -- Connection released: [id: 1][route: {}->http://localhost:8000][total available: 1; route allocated: 1 of 5; total allocated: 1 of 10]
22:08:07.872 [main] DEBUG org.apache.http.impl.conn.PoolingHttpClientConnectionManager -- Connection manager is shutting down
22:08:07.872 [main] DEBUG org.apache.http.impl.conn.DefaultManagedHttpClientConnection -- http-outgoing-1: Close connection
22:08:07.872 [main] DEBUG org.apache.http.impl.conn.PoolingHttpClientConnectionManager -- Connection manager shut down
22:08:07.872 [main] DEBUG com.intuit.karate -- response time in milliseconds: 13
1 < 400
1 < Date: Wed, 22 Apr 2026 16:38:07 GMT
1 < Server: WSGIServer/0.2 CPython/3.14.3
1 < Content-Type: application/json
1 < Vary: Accept, origin
1 < Allow: POST, OPTIONS
1 < Content-Length: 66
1 < X-Content-Type-Options: nosniff
1 < Referrer-Policy: same-origin
1 < Cross-Origin-Opener-Policy: same-origin
{"phone_number":["A user with this phone number already exists."]}

22:08:07.874 [main] ERROR com.intuit.karate -- classpath:com/ledger/login.feature:47
Then status 201
status code was: 400, expected: 201, response time in milliseconds: 13, url: http://localhost:8000/api/auth/signup/, response: 
{"phone_number":["A user with this phone number already exists."]}
classpath:com/ledger/login.feature:47
]]></system-out>
  </testcase>
  <testcase name="[3:63] Login with a phone number that does not exist returns 401" classname="com/ledger/login" time="0.024">
    <system-out><![CDATA[22:08:07.879 [main] DEBUG com.jayway.jsonpath.internal.path.CompiledPath -- Evaluating path: $
22:08:07.880 [main] DEBUG org.apache.http.client.protocol.RequestAddCookies -- CookieSpec selected: karate
22:08:07.880 [main] DEBUG org.apache.http.client.protocol.RequestAuthCache -- Auth cache not set in the context
22:08:07.880 [main] DEBUG com.intuit.karate -- request:
1 > POST http://localhost:8000/api/auth/login/
1 > Content-Type: application/json; charset=UTF-8
1 > Content-Length: 53
1 > Host: localhost:8000
1 > Connection: Keep-Alive
1 > User-Agent: Apache-HttpClient/4.5.14 (Java/25.0.2)
1 > Accept-Encoding: gzip,deflate
{"phone_number":"0000000000","password":"irrelevant"}

22:08:07.880 [main] DEBUG org.apache.http.impl.conn.PoolingHttpClientConnectionManager -- Connection request: [route: {}->http://localhost:8000][total available: 0; route allocated: 0 of 5; total allocated: 0 of 10]
22:08:07.880 [main] DEBUG org.apache.http.impl.conn.PoolingHttpClientConnectionManager -- Connection leased: [id: 2][route: {}->http://localhost:8000][total available: 0; route allocated: 1 of 5; total allocated: 1 of 10]
22:08:07.880 [main] DEBUG org.apache.http.impl.execchain.MainClientExec -- Opening connection {}->http://localhost:8000
22:08:07.881 [main] DEBUG org.apache.http.impl.conn.DefaultHttpClientConnectionOperator -- Connecting to localhost/127.0.0.1:8000
22:08:07.881 [main] DEBUG org.apache.http.impl.conn.DefaultHttpClientConnectionOperator -- Connection established 127.0.0.1:52845<->127.0.0.1:8000
22:08:07.881 [main] DEBUG org.apache.http.impl.conn.DefaultManagedHttpClientConnection -- http-outgoing-2: set socket timeout to 30000
22:08:07.881 [main] DEBUG org.apache.http.impl.execchain.MainClientExec -- Executing request POST /api/auth/login/ HTTP/1.1
22:08:07.881 [main] DEBUG org.apache.http.impl.execchain.MainClientExec -- Target auth state: UNCHALLENGED
22:08:07.881 [main] DEBUG org.apache.http.impl.execchain.MainClientExec -- Proxy auth state: UNCHALLENGED
22:08:07.881 [main] DEBUG org.apache.http.headers -- http-outgoing-2 >> POST /api/auth/login/ HTTP/1.1
22:08:07.881 [main] DEBUG org.apache.http.headers -- http-outgoing-2 >> Content-Type: application/json; charset=UTF-8
22:08:07.881 [main] DEBUG org.apache.http.headers -- http-outgoing-2 >> Content-Length: 53
22:08:07.881 [main] DEBUG org.apache.http.headers -- http-outgoing-2 >> Host: localhost:8000
22:08:07.881 [main] DEBUG org.apache.http.headers -- http-outgoing-2 >> Connection: Keep-Alive
22:08:07.881 [main] DEBUG org.apache.http.headers -- http-outgoing-2 >> User-Agent: Apache-HttpClient/4.5.14 (Java/25.0.2)
22:08:07.881 [main] DEBUG org.apache.http.headers -- http-outgoing-2 >> Accept-Encoding: gzip,deflate
22:08:07.881 [main] DEBUG org.apache.http.wire -- http-outgoing-2 >> "POST /api/auth/login/ HTTP/1.1[\r][\n]"
22:08:07.881 [main] DEBUG org.apache.http.wire -- http-outgoing-2 >> "Content-Type: application/json; charset=UTF-8[\r][\n]"
22:08:07.881 [main] DEBUG org.apache.http.wire -- http-outgoing-2 >> "Content-Length: 53[\r][\n]"
22:08:07.881 [main] DEBUG org.apache.http.wire -- http-outgoing-2 >> "Host: localhost:8000[\r][\n]"
22:08:07.881 [main] DEBUG org.apache.http.wire -- http-outgoing-2 >> "Connection: Keep-Alive[\r][\n]"
22:08:07.881 [main] DEBUG org.apache.http.wire -- http-outgoing-2 >> "User-Agent: Apache-HttpClient/4.5.14 (Java/25.0.2)[\r][\n]"
22:08:07.881 [main] DEBUG org.apache.http.wire -- http-outgoing-2 >> "Accept-Encoding: gzip,deflate[\r][\n]"
22:08:07.881 [main] DEBUG org.apache.http.wire -- http-outgoing-2 >> "[\r][\n]"
22:08:07.881 [main] DEBUG org.apache.http.wire -- http-outgoing-2 >> "{"phone_number":"0000000000","password":"irrelevant"}"
22:08:07.892 [main] DEBUG org.apache.http.wire -- http-outgoing-2 << "HTTP/1.1 401 Unauthorized[\r][\n]"
22:08:07.892 [main] DEBUG org.apache.http.wire -- http-outgoing-2 << "Date: Wed, 22 Apr 2026 16:38:07 GMT[\r][\n]"
22:08:07.892 [main] DEBUG org.apache.http.wire -- http-outgoing-2 << "Server: WSGIServer/0.2 CPython/3.14.3[\r][\n]"
22:08:07.892 [main] DEBUG org.apache.http.wire -- http-outgoing-2 << "Content-Type: application/json[\r][\n]"
22:08:07.892 [main] DEBUG org.apache.http.wire -- http-outgoing-2 << "Vary: Accept, origin[\r][\n]"
22:08:07.892 [main] DEBUG org.apache.http.wire -- http-outgoing-2 << "Allow: POST, OPTIONS[\r][\n]"
22:08:07.892 [main] DEBUG org.apache.http.wire -- http-outgoing-2 << "Content-Length: 45[\r][\n]"
22:08:07.892 [main] DEBUG org.apache.http.wire -- http-outgoing-2 << "X-Content-Type-Options: nosniff[\r][\n]"
22:08:07.892 [main] DEBUG org.apache.http.wire -- http-outgoing-2 << "Referrer-Policy: same-origin[\r][\n]"
22:08:07.892 [main] DEBUG org.apache.http.wire -- http-outgoing-2 << "Cross-Origin-Opener-Policy: same-origin[\r][\n]"
22:08:07.892 [main] DEBUG org.apache.http.wire -- http-outgoing-2 << "[\r][\n]"
22:08:07.892 [main] DEBUG org.apache.http.wire -- http-outgoing-2 << "{"error":"Invalid phone number or password."}"
22:08:07.892 [main] DEBUG org.apache.http.headers -- http-outgoing-2 << HTTP/1.1 401 Unauthorized
22:08:07.892 [main] DEBUG org.apache.http.headers -- http-outgoing-2 << Date: Wed, 22 Apr 2026 16:38:07 GMT
22:08:07.892 [main] DEBUG org.apache.http.headers -- http-outgoing-2 << Server: WSGIServer/0.2 CPython/3.14.3
22:08:07.892 [main] DEBUG org.apache.http.headers -- http-outgoing-2 << Content-Type: application/json
22:08:07.892 [main] DEBUG org.apache.http.headers -- http-outgoing-2 << Vary: Accept, origin
22:08:07.892 [main] DEBUG org.apache.http.headers -- http-outgoing-2 << Allow: POST, OPTIONS
22:08:07.892 [main] DEBUG org.apache.http.headers -- http-outgoing-2 << Content-Length: 45
22:08:07.892 [main] DEBUG org.apache.http.headers -- http-outgoing-2 << X-Content-Type-Options: nosniff
22:08:07.892 [main] DEBUG org.apache.http.headers -- http-outgoing-2 << Referrer-Policy: same-origin
22:08:07.892 [main] DEBUG org.apache.http.headers -- http-outgoing-2 << Cross-Origin-Opener-Policy: same-origin
22:08:07.892 [main] DEBUG org.apache.http.impl.execchain.MainClientExec -- Connection can be kept alive indefinitely
22:08:07.892 [main] DEBUG org.apache.http.impl.auth.HttpAuthenticator -- Authentication required
22:08:07.892 [main] DEBUG org.apache.http.impl.auth.HttpAuthenticator -- localhost:8000 requested authentication
22:08:07.892 [main] DEBUG org.apache.http.impl.auth.HttpAuthenticator -- Response contains no authentication challenges
22:08:07.892 [main] DEBUG org.apache.http.impl.conn.PoolingHttpClientConnectionManager -- Connection [id: 2][route: {}->http://localhost:8000] can be kept alive indefinitely
22:08:07.892 [main] DEBUG org.apache.http.impl.conn.DefaultManagedHttpClientConnection -- http-outgoing-2: set socket timeout to 0
22:08:07.892 [main] DEBUG org.apache.http.impl.conn.PoolingHttpClientConnectionManager -- Connection released: [id: 2][route: {}->http://localhost:8000][total available: 1; route allocated: 1 of 5; total allocated: 1 of 10]
22:08:07.892 [main] DEBUG org.apache.http.impl.conn.PoolingHttpClientConnectionManager -- Connection manager is shutting down
22:08:07.892 [main] DEBUG org.apache.http.impl.conn.DefaultManagedHttpClientConnection -- http-outgoing-2: Close connection
22:08:07.892 [main] DEBUG org.apache.http.impl.conn.PoolingHttpClientConnectionManager -- Connection manager shut down
22:08:07.892 [main] DEBUG com.intuit.karate -- response time in milliseconds: 12
1 < 401
1 < Date: Wed, 22 Apr 2026 16:38:07 GMT
1 < Server: WSGIServer/0.2 CPython/3.14.3
1 < Content-Type: application/json
1 < Vary: Accept, origin
1 < Allow: POST, OPTIONS
1 < Content-Length: 45
1 < X-Content-Type-Options: nosniff
1 < Referrer-Policy: same-origin
1 < Cross-Origin-Opener-Policy: same-origin
{"error":"Invalid phone number or password."}

22:08:07.897 [main] DEBUG com.jayway.jsonpath.internal.path.CompiledPath -- Evaluating path: $['error']
]]></system-out>
  </testcase>
  <testcase name="[4:70] Login with a correct phone number but wrong password returns 401" classname="com/ledger/login" time="0.017">
    <failure message="status code was: 400, expected: 201, response time in milliseconds: 11, url: http://localhost:8000/api/auth/signup/, response: &#10;{&quot;phone_number&quot;:[&quot;A user with this phone number already exists.&quot;]}&#10;classpath:com/ledger/login.feature:84" type="org.opentest4j.AssertionFailedError"><![CDATA[org.opentest4j.AssertionFailedError: 
status code was: 400, expected: 201, response time in milliseconds: 11, url: http://localhost:8000/api/auth/signup/, response: 
{"phone_number":["A user with this phone number already exists."]}
classpath:com/ledger/login.feature:84
	at com.intuit.karate.junit5.FeatureNode.lambda$next$1(FeatureNode.java:86)
	at java.base/java.util.stream.ForEachOps$ForEachOp$OfRef.accept(ForEachOps.java:186)
	at java.base/java.util.stream.ReferencePipeline$3$1.accept(ReferencePipeline.java:214)
	at java.base/java.util.stream.ReferencePipeline$2$1.accept(ReferencePipeline.java:197)
	at java.base/java.util.stream.ReferencePipeline$3$1.accept(ReferencePipeline.java:214)
	at java.base/java.util.Iterator.forEachRemaining(Iterator.java:133)
	at java.base/java.util.Spliterators$IteratorSpliterator.forEachRemaining(Spliterators.java:1939)
	at java.base/java.util.stream.AbstractPipeline.copyInto(AbstractPipeline.java:570)
	at java.base/java.util.stream.AbstractPipeline.wrapAndCopyInto(AbstractPipeline.java:560)
	at java.base/java.util.stream.ForEachOps$ForEachOp.evaluateSequential(ForEachOps.java:153)
	at java.base/java.util.stream.ForEachOps$ForEachOp$OfRef.evaluateSequential(ForEachOps.java:176)
	at java.base/java.util.stream.AbstractPipeline.evaluate(AbstractPipeline.java:265)
	at java.base/java.util.stream.ReferencePipeline.forEachOrdered(ReferencePipeline.java:637)
	at java.base/java.util.Optional.ifPresent(Optional.java:178)
	at java.base/java.util.ArrayList.forEach(ArrayList.java:1604)
	at java.base/java.util.ArrayList.forEach(ArrayList.java:1604)
]]></failure>
    <system-out><![CDATA[22:08:07.902 [main] DEBUG com.jayway.jsonpath.internal.path.CompiledPath -- Evaluating path: $
22:08:07.903 [main] DEBUG org.apache.http.client.protocol.RequestAddCookies -- CookieSpec selected: karate
22:08:07.903 [main] DEBUG org.apache.http.client.protocol.RequestAuthCache -- Auth cache not set in the context
22:08:07.903 [main] DEBUG com.intuit.karate -- request:
1 > POST http://localhost:8000/api/auth/signup/
1 > Content-Type: application/json; charset=UTF-8
1 > Content-Length: 113
1 > Host: localhost:8000
1 > Connection: Keep-Alive
1 > User-Agent: Apache-HttpClient/4.5.14 (Java/25.0.2)
1 > Accept-Encoding: gzip,deflate
{"first_name":"Wrong","last_name":"Pass","dob":"1992-03-03","phone_number":"8100000003","password":"correctpass"}

22:08:07.903 [main] DEBUG org.apache.http.impl.conn.PoolingHttpClientConnectionManager -- Connection request: [route: {}->http://localhost:8000][total available: 0; route allocated: 0 of 5; total allocated: 0 of 10]
22:08:07.903 [main] DEBUG org.apache.http.impl.conn.PoolingHttpClientConnectionManager -- Connection leased: [id: 3][route: {}->http://localhost:8000][total available: 0; route allocated: 1 of 5; total allocated: 1 of 10]
22:08:07.903 [main] DEBUG org.apache.http.impl.execchain.MainClientExec -- Opening connection {}->http://localhost:8000
22:08:07.903 [main] DEBUG org.apache.http.impl.conn.DefaultHttpClientConnectionOperator -- Connecting to localhost/127.0.0.1:8000
22:08:07.904 [main] DEBUG org.apache.http.impl.conn.DefaultHttpClientConnectionOperator -- Connection established 127.0.0.1:52847<->127.0.0.1:8000
22:08:07.904 [main] DEBUG org.apache.http.impl.conn.DefaultManagedHttpClientConnection -- http-outgoing-3: set socket timeout to 30000
22:08:07.904 [main] DEBUG org.apache.http.impl.execchain.MainClientExec -- Executing request POST /api/auth/signup/ HTTP/1.1
22:08:07.904 [main] DEBUG org.apache.http.impl.execchain.MainClientExec -- Target auth state: UNCHALLENGED
22:08:07.904 [main] DEBUG org.apache.http.impl.execchain.MainClientExec -- Proxy auth state: UNCHALLENGED
22:08:07.904 [main] DEBUG org.apache.http.headers -- http-outgoing-3 >> POST /api/auth/signup/ HTTP/1.1
22:08:07.904 [main] DEBUG org.apache.http.headers -- http-outgoing-3 >> Content-Type: application/json; charset=UTF-8
22:08:07.904 [main] DEBUG org.apache.http.headers -- http-outgoing-3 >> Content-Length: 113
22:08:07.904 [main] DEBUG org.apache.http.headers -- http-outgoing-3 >> Host: localhost:8000
22:08:07.904 [main] DEBUG org.apache.http.headers -- http-outgoing-3 >> Connection: Keep-Alive
22:08:07.904 [main] DEBUG org.apache.http.headers -- http-outgoing-3 >> User-Agent: Apache-HttpClient/4.5.14 (Java/25.0.2)
22:08:07.904 [main] DEBUG org.apache.http.headers -- http-outgoing-3 >> Accept-Encoding: gzip,deflate
22:08:07.904 [main] DEBUG org.apache.http.wire -- http-outgoing-3 >> "POST /api/auth/signup/ HTTP/1.1[\r][\n]"
22:08:07.904 [main] DEBUG org.apache.http.wire -- http-outgoing-3 >> "Content-Type: application/json; charset=UTF-8[\r][\n]"
22:08:07.904 [main] DEBUG org.apache.http.wire -- http-outgoing-3 >> "Content-Length: 113[\r][\n]"
22:08:07.904 [main] DEBUG org.apache.http.wire -- http-outgoing-3 >> "Host: localhost:8000[\r][\n]"
22:08:07.904 [main] DEBUG org.apache.http.wire -- http-outgoing-3 >> "Connection: Keep-Alive[\r][\n]"
22:08:07.904 [main] DEBUG org.apache.http.wire -- http-outgoing-3 >> "User-Agent: Apache-HttpClient/4.5.14 (Java/25.0.2)[\r][\n]"
22:08:07.904 [main] DEBUG org.apache.http.wire -- http-outgoing-3 >> "Accept-Encoding: gzip,deflate[\r][\n]"
22:08:07.904 [main] DEBUG org.apache.http.wire -- http-outgoing-3 >> "[\r][\n]"
22:08:07.904 [main] DEBUG org.apache.http.wire -- http-outgoing-3 >> "{"first_name":"Wrong","last_name":"Pass","dob":"1992-03-03","phone_number":"8100000003","password":"correctpass"}"
22:08:07.914 [main] DEBUG org.apache.http.wire -- http-outgoing-3 << "HTTP/1.1 400 Bad Request[\r][\n]"
22:08:07.914 [main] DEBUG org.apache.http.wire -- http-outgoing-3 << "Date: Wed, 22 Apr 2026 16:38:07 GMT[\r][\n]"
22:08:07.914 [main] DEBUG org.apache.http.wire -- http-outgoing-3 << "Server: WSGIServer/0.2 CPython/3.14.3[\r][\n]"
22:08:07.914 [main] DEBUG org.apache.http.wire -- http-outgoing-3 << "Content-Type: application/json[\r][\n]"
22:08:07.914 [main] DEBUG org.apache.http.wire -- http-outgoing-3 << "Vary: Accept, origin[\r][\n]"
22:08:07.914 [main] DEBUG org.apache.http.wire -- http-outgoing-3 << "Allow: POST, OPTIONS[\r][\n]"
22:08:07.914 [main] DEBUG org.apache.http.wire -- http-outgoing-3 << "Content-Length: 66[\r][\n]"
22:08:07.914 [main] DEBUG org.apache.http.wire -- http-outgoing-3 << "X-Content-Type-Options: nosniff[\r][\n]"
22:08:07.914 [main] DEBUG org.apache.http.wire -- http-outgoing-3 << "Referrer-Policy: same-origin[\r][\n]"
22:08:07.914 [main] DEBUG org.apache.http.wire -- http-outgoing-3 << "Cross-Origin-Opener-Policy: same-origin[\r][\n]"
22:08:07.914 [main] DEBUG org.apache.http.wire -- http-outgoing-3 << "[\r][\n]"
22:08:07.914 [main] DEBUG org.apache.http.wire -- http-outgoing-3 << "{"phone_number":["A user with this phone number already exists."]}"
22:08:07.914 [main] DEBUG org.apache.http.headers -- http-outgoing-3 << HTTP/1.1 400 Bad Request
22:08:07.914 [main] DEBUG org.apache.http.headers -- http-outgoing-3 << Date: Wed, 22 Apr 2026 16:38:07 GMT
22:08:07.914 [main] DEBUG org.apache.http.headers -- http-outgoing-3 << Server: WSGIServer/0.2 CPython/3.14.3
22:08:07.914 [main] DEBUG org.apache.http.headers -- http-outgoing-3 << Content-Type: application/json
22:08:07.914 [main] DEBUG org.apache.http.headers -- http-outgoing-3 << Vary: Accept, origin
22:08:07.914 [main] DEBUG org.apache.http.headers -- http-outgoing-3 << Allow: POST, OPTIONS
22:08:07.914 [main] DEBUG org.apache.http.headers -- http-outgoing-3 << Content-Length: 66
22:08:07.914 [main] DEBUG org.apache.http.headers -- http-outgoing-3 << X-Content-Type-Options: nosniff
22:08:07.914 [main] DEBUG org.apache.http.headers -- http-outgoing-3 << Referrer-Policy: same-origin
22:08:07.914 [main] DEBUG org.apache.http.headers -- http-outgoing-3 << Cross-Origin-Opener-Policy: same-origin
22:08:07.914 [main] DEBUG org.apache.http.impl.execchain.MainClientExec -- Connection can be kept alive indefinitely
22:08:07.914 [main] DEBUG org.apache.http.impl.conn.PoolingHttpClientConnectionManager -- Connection [id: 3][route: {}->http://localhost:8000] can be kept alive indefinitely
22:08:07.914 [main] DEBUG org.apache.http.impl.conn.DefaultManagedHttpClientConnection -- http-outgoing-3: set socket timeout to 0
22:08:07.914 [main] DEBUG org.apache.http.impl.conn.PoolingHttpClientConnectionManager -- Connection released: [id: 3][route: {}->http://localhost:8000][total available: 1; route allocated: 1 of 5; total allocated: 1 of 10]
22:08:07.914 [main] DEBUG org.apache.http.impl.conn.PoolingHttpClientConnectionManager -- Connection manager is shutting down
22:08:07.914 [main] DEBUG org.apache.http.impl.conn.DefaultManagedHttpClientConnection -- http-outgoing-3: Close connection
22:08:07.914 [main] DEBUG org.apache.http.impl.conn.PoolingHttpClientConnectionManager -- Connection manager shut down
22:08:07.914 [main] DEBUG com.intuit.karate -- response time in milliseconds: 11
1 < 400
1 < Date: Wed, 22 Apr 2026 16:38:07 GMT
1 < Server: WSGIServer/0.2 CPython/3.14.3
1 < Content-Type: application/json
1 < Vary: Accept, origin
1 < Allow: POST, OPTIONS
1 < Content-Length: 66
1 < X-Content-Type-Options: nosniff
1 < Referrer-Policy: same-origin
1 < Cross-Origin-Opener-Policy: same-origin
{"phone_number":["A user with this phone number already exists."]}

22:08:07.915 [main] ERROR com.intuit.karate -- classpath:com/ledger/login.feature:84
Then status 201
status code was: 400, expected: 201, response time in milliseconds: 11, url: http://localhost:8000/api/auth/signup/, response: 
{"phone_number":["A user with this phone number already exists."]}
classpath:com/ledger/login.feature:84
]]></system-out>
  </testcase>
  <testcase name="[5:97] Login request missing the password field returns 400" classname="com/ledger/login" time="0.303">
    <system-out><![CDATA[22:08:07.918 [main] DEBUG com.jayway.jsonpath.internal.path.CompiledPath -- Evaluating path: $
22:08:07.919 [main] DEBUG org.apache.http.client.protocol.RequestAddCookies -- CookieSpec selected: karate
22:08:07.919 [main] DEBUG org.apache.http.client.protocol.RequestAuthCache -- Auth cache not set in the context
22:08:07.919 [main] DEBUG com.intuit.karate -- request:
1 > POST http://localhost:8000/api/auth/login/
1 > Content-Type: application/json; charset=UTF-8
1 > Content-Length: 29
1 > Host: localhost:8000
1 > Connection: Keep-Alive
1 > User-Agent: Apache-HttpClient/4.5.14 (Java/25.0.2)
1 > Accept-Encoding: gzip,deflate
{"phone_number":"8100000001"}

22:08:07.919 [main] DEBUG org.apache.http.impl.conn.PoolingHttpClientConnectionManager -- Connection request: [route: {}->http://localhost:8000][total available: 0; route allocated: 0 of 5; total allocated: 0 of 10]
22:08:07.919 [main] DEBUG org.apache.http.impl.conn.PoolingHttpClientConnectionManager -- Connection leased: [id: 4][route: {}->http://localhost:8000][total available: 0; route allocated: 1 of 5; total allocated: 1 of 10]
22:08:07.919 [main] DEBUG org.apache.http.impl.execchain.MainClientExec -- Opening connection {}->http://localhost:8000
22:08:07.919 [main] DEBUG org.apache.http.impl.conn.DefaultHttpClientConnectionOperator -- Connecting to localhost/127.0.0.1:8000
22:08:07.919 [main] DEBUG org.apache.http.impl.conn.DefaultHttpClientConnectionOperator -- Connection established 127.0.0.1:52849<->127.0.0.1:8000
22:08:07.919 [main] DEBUG org.apache.http.impl.conn.DefaultManagedHttpClientConnection -- http-outgoing-4: set socket timeout to 30000
22:08:07.919 [main] DEBUG org.apache.http.impl.execchain.MainClientExec -- Executing request POST /api/auth/login/ HTTP/1.1
22:08:07.919 [main] DEBUG org.apache.http.impl.execchain.MainClientExec -- Target auth state: UNCHALLENGED
22:08:07.919 [main] DEBUG org.apache.http.impl.execchain.MainClientExec -- Proxy auth state: UNCHALLENGED
22:08:07.920 [main] DEBUG org.apache.http.headers -- http-outgoing-4 >> POST /api/auth/login/ HTTP/1.1
22:08:07.920 [main] DEBUG org.apache.http.headers -- http-outgoing-4 >> Content-Type: application/json; charset=UTF-8
22:08:07.920 [main] DEBUG org.apache.http.headers -- http-outgoing-4 >> Content-Length: 29
22:08:07.920 [main] DEBUG org.apache.http.headers -- http-outgoing-4 >> Host: localhost:8000
22:08:07.920 [main] DEBUG org.apache.http.headers -- http-outgoing-4 >> Connection: Keep-Alive
22:08:07.920 [main] DEBUG org.apache.http.headers -- http-outgoing-4 >> User-Agent: Apache-HttpClient/4.5.14 (Java/25.0.2)
22:08:07.920 [main] DEBUG org.apache.http.headers -- http-outgoing-4 >> Accept-Encoding: gzip,deflate
22:08:07.920 [main] DEBUG org.apache.http.wire -- http-outgoing-4 >> "POST /api/auth/login/ HTTP/1.1[\r][\n]"
22:08:07.920 [main] DEBUG org.apache.http.wire -- http-outgoing-4 >> "Content-Type: application/json; charset=UTF-8[\r][\n]"
22:08:07.920 [main] DEBUG org.apache.http.wire -- http-outgoing-4 >> "Content-Length: 29[\r][\n]"
22:08:07.920 [main] DEBUG org.apache.http.wire -- http-outgoing-4 >> "Host: localhost:8000[\r][\n]"
22:08:07.920 [main] DEBUG org.apache.http.wire -- http-outgoing-4 >> "Connection: Keep-Alive[\r][\n]"
22:08:07.920 [main] DEBUG org.apache.http.wire -- http-outgoing-4 >> "User-Agent: Apache-HttpClient/4.5.14 (Java/25.0.2)[\r][\n]"
22:08:07.920 [main] DEBUG org.apache.http.wire -- http-outgoing-4 >> "Accept-Encoding: gzip,deflate[\r][\n]"
22:08:07.920 [main] DEBUG org.apache.http.wire -- http-outgoing-4 >> "[\r][\n]"
22:08:07.920 [main] DEBUG org.apache.http.wire -- http-outgoing-4 >> "{"phone_number":"8100000001"}"
22:08:07.921 [main] DEBUG org.apache.http.wire -- http-outgoing-4 << "HTTP/1.1 400 Bad Request[\r][\n]"
22:08:07.921 [main] DEBUG org.apache.http.wire -- http-outgoing-4 << "Date: Wed, 22 Apr 2026 16:38:07 GMT[\r][\n]"
22:08:07.921 [main] DEBUG org.apache.http.wire -- http-outgoing-4 << "Server: WSGIServer/0.2 CPython/3.14.3[\r][\n]"
22:08:07.921 [main] DEBUG org.apache.http.wire -- http-outgoing-4 << "Content-Type: application/json[\r][\n]"
22:08:07.921 [main] DEBUG org.apache.http.wire -- http-outgoing-4 << "Vary: Accept, origin[\r][\n]"
22:08:07.921 [main] DEBUG org.apache.http.wire -- http-outgoing-4 << "Allow: POST, OPTIONS[\r][\n]"
22:08:07.921 [main] DEBUG org.apache.http.wire -- http-outgoing-4 << "Content-Length: 40[\r][\n]"
22:08:07.921 [main] DEBUG org.apache.http.wire -- http-outgoing-4 << "X-Content-Type-Options: nosniff[\r][\n]"
22:08:07.921 [main] DEBUG org.apache.http.wire -- http-outgoing-4 << "Referrer-Policy: same-origin[\r][\n]"
22:08:07.921 [main] DEBUG org.apache.http.wire -- http-outgoing-4 << "Cross-Origin-Opener-Policy: same-origin[\r][\n]"
22:08:07.921 [main] DEBUG org.apache.http.wire -- http-outgoing-4 << "[\r][\n]"
22:08:07.921 [main] DEBUG org.apache.http.wire -- http-outgoing-4 << "{"password":["This field is required."]}"
22:08:07.921 [main] DEBUG org.apache.http.headers -- http-outgoing-4 << HTTP/1.1 400 Bad Request
22:08:07.921 [main] DEBUG org.apache.http.headers -- http-outgoing-4 << Date: Wed, 22 Apr 2026 16:38:07 GMT
22:08:07.921 [main] DEBUG org.apache.http.headers -- http-outgoing-4 << Server: WSGIServer/0.2 CPython/3.14.3
22:08:07.921 [main] DEBUG org.apache.http.headers -- http-outgoing-4 << Content-Type: application/json
22:08:07.921 [main] DEBUG org.apache.http.headers -- http-outgoing-4 << Vary: Accept, origin
22:08:07.921 [main] DEBUG org.apache.http.headers -- http-outgoing-4 << Allow: POST, OPTIONS
22:08:07.921 [main] DEBUG org.apache.http.headers -- http-outgoing-4 << Content-Length: 40
22:08:07.921 [main] DEBUG org.apache.http.headers -- http-outgoing-4 << X-Content-Type-Options: nosniff
22:08:07.921 [main] DEBUG org.apache.http.headers -- http-outgoing-4 << Referrer-Policy: same-origin
22:08:07.921 [main] DEBUG org.apache.http.headers -- http-outgoing-4 << Cross-Origin-Opener-Policy: same-origin
22:08:07.921 [main] DEBUG org.apache.http.impl.execchain.MainClientExec -- Connection can be kept alive indefinitely
22:08:07.921 [main] DEBUG org.apache.http.impl.conn.PoolingHttpClientConnectionManager -- Connection [id: 4][route: {}->http://localhost:8000] can be kept alive indefinitely
22:08:07.921 [main] DEBUG org.apache.http.impl.conn.DefaultManagedHttpClientConnection -- http-outgoing-4: set socket timeout to 0
22:08:07.921 [main] DEBUG org.apache.http.impl.conn.PoolingHttpClientConnectionManager -- Connection released: [id: 4][route: {}->http://localhost:8000][total available: 1; route allocated: 1 of 5; total allocated: 1 of 10]
22:08:07.921 [main] DEBUG org.apache.http.impl.conn.PoolingHttpClientConnectionManager -- Connection manager is shutting down
22:08:07.921 [main] DEBUG org.apache.http.impl.conn.DefaultManagedHttpClientConnection -- http-outgoing-4: Close connection
22:08:07.921 [main] DEBUG org.apache.http.impl.conn.PoolingHttpClientConnectionManager -- Connection manager shut down
22:08:07.921 [main] DEBUG com.intuit.karate -- response time in milliseconds: 2
1 < 400
1 < Date: Wed, 22 Apr 2026 16:38:07 GMT
1 < Server: WSGIServer/0.2 CPython/3.14.3
1 < Content-Type: application/json
1 < Vary: Accept, origin
1 < Allow: POST, OPTIONS
1 < Content-Length: 40
1 < X-Content-Type-Options: nosniff
1 < Referrer-Policy: same-origin
1 < Cross-Origin-Opener-Policy: same-origin
{"password":["This field is required."]}

22:08:07.922 [main] DEBUG com.jayway.jsonpath.internal.path.CompiledPath -- Evaluating path: $
22:08:07.936 [main] DEBUG org.thymeleaf.TemplateEngine -- [THYMELEAF] INITIALIZING TEMPLATE ENGINE
22:08:07.994 [main] DEBUG org.thymeleaf.TemplateEngine.CONFIG -- Initializing Thymeleaf Template engine configuration...
[THYMELEAF] TEMPLATE ENGINE CONFIGURATION:
[THYMELEAF] * Thymeleaf version: 3.1.2.RELEASE (built 2023-07-30T19:25:50+0000)
[THYMELEAF] * Cache Manager implementation: org.thymeleaf.cache.StandardCacheManager
[THYMELEAF] * Template resolvers:
[THYMELEAF]     * [1] com.intuit.karate.template.ResourceHtmlTemplateResolver
[THYMELEAF] * Message resolvers:
[THYMELEAF]     * org.thymeleaf.messageresolver.StandardMessageResolver
[THYMELEAF] * Link builders:
[THYMELEAF]     * org.thymeleaf.linkbuilder.StandardLinkBuilder
[THYMELEAF] * Dialect [1 of 2]: Standard (com.intuit.karate.template.KarateStandardDialect)
[THYMELEAF]     * Prefix: "th"
[THYMELEAF]     * Processors for Template Mode: HTML
[THYMELEAF]         * Element Tag Processors by [matching element and attribute name] [precedence]:
[THYMELEAF]             * [* {th:include,data-th-include}] [100]: org.thymeleaf.standard.processor.StandardIncludeTagProcessor
[THYMELEAF]             * [* {th:insert,data-th-insert}] [100]: org.thymeleaf.standard.processor.StandardInsertTagProcessor
[THYMELEAF]             * [* {th:replace,data-th-replace}] [100]: org.thymeleaf.standard.processor.StandardReplaceTagProcessor
[THYMELEAF]             * [* {th:each,data-th-each}] [200]: com.intuit.karate.template.KarateEachTagProcessor
[THYMELEAF]             * [* {th:switch,data-th-switch}] [250]: org.thymeleaf.standard.processor.StandardSwitchTagProcessor
[THYMELEAF]             * [* {th:case,data-th-case}] [275]: org.thymeleaf.standard.processor.StandardCaseTagProcessor
[THYMELEAF]             * [* {th:if,data-th-if}] [300]: org.thymeleaf.standard.processor.StandardIfTagProcessor
[THYMELEAF]             * [* {th:unless,data-th-unless}] [400]: org.thymeleaf.standard.processor.StandardUnlessTagProcessor
[THYMELEAF]             * [* {th:object,data-th-object}] [500]: org.thymeleaf.standard.processor.StandardObjectTagProcessor
[THYMELEAF]             * [* {th:with,data-th-with}] [600]: com.intuit.karate.template.KarateWithTagProcessor
[THYMELEAF]             * [* {th:attr,data-th-attr}] [700]: com.intuit.karate.template.KarateAttributeTagProcessor.KarateAttrTagProcessor
[THYMELEAF]             * [* {th:attrappend,data-th-attrappend}] [900]: com.intuit.karate.template.KarateAttributeTagProcessor.KarateAttrappendTagProcessor
[THYMELEAF]             * [* {th:attrprepend,data-th-attrprepend}] [900]: com.intuit.karate.template.KarateAttributeTagProcessor.KarateAttrprependTagProcessor
[THYMELEAF]             * [* {th:alt-title,data-th-alt-title}] [990]: org.thymeleaf.standard.processor.StandardAltTitleTagProcessor
[THYMELEAF]             * [* {th:lang-xmllang,data-th-lang-xmllang}] [990]: org.thymeleaf.standard.processor.StandardLangXmlLangTagProcessor
[THYMELEAF]             * [* {th:action,data-th-action}] [1000]: org.thymeleaf.standard.processor.StandardActionTagProcessor
[THYMELEAF]             * [* {th:pubdate,data-th-pubdate}] [1000]: org.thymeleaf.standard.processor.StandardConditionalFixedValueTagProcessor
[THYMELEAF]             * [* {th:readonly,data-th-readonly}] [1000]: org.thymeleaf.standard.processor.StandardConditionalFixedValueTagProcessor
[THYMELEAF]             * [* {th:nowrap,data-th-nowrap}] [1000]: org.thymeleaf.standard.processor.StandardConditionalFixedValueTagProcessor
[THYMELEAF]             * [* {th:checked,data-th-checked}] [1000]: org.thymeleaf.standard.processor.StandardConditionalFixedValueTagProcessor
[THYMELEAF]             * [* {th:required,data-th-required}] [1000]: org.thymeleaf.standard.processor.StandardConditionalFixedValueTagProcessor
[THYMELEAF]             * [* {th:reversed,data-th-reversed}] [1000]: org.thymeleaf.standard.processor.StandardConditionalFixedValueTagProcessor
[THYMELEAF]             * [* {th:scoped,data-th-scoped}] [1000]: org.thymeleaf.standard.processor.StandardConditionalFixedValueTagProcessor
[THYMELEAF]             * [* {th:formnovalidate,data-th-formnovalidate}] [1000]: org.thymeleaf.standard.processor.StandardConditionalFixedValueTagProcessor
[THYMELEAF]             * [* {th:async,data-th-async}] [1000]: org.thymeleaf.standard.processor.StandardConditionalFixedValueTagProcessor
[THYMELEAF]             * [* {th:ismap,data-th-ismap}] [1000]: org.thymeleaf.standard.processor.StandardConditionalFixedValueTagProcessor
[THYMELEAF]             * [* {th:disabled,data-th-disabled}] [1000]: org.thymeleaf.standard.processor.StandardConditionalFixedValueTagProcessor
[THYMELEAF]             * [* {th:novalidate,data-th-novalidate}] [1000]: org.thymeleaf.standard.processor.StandardConditionalFixedValueTagProcessor
[THYMELEAF]             * [* {th:controls,data-th-controls}] [1000]: org.thymeleaf.standard.processor.StandardConditionalFixedValueTagProcessor
[THYMELEAF]             * [* {th:selected,data-th-selected}] [1000]: org.thymeleaf.standard.processor.StandardConditionalFixedValueTagProcessor
[THYMELEAF]             * [* {th:defer,data-th-defer}] [1000]: org.thymeleaf.standard.processor.StandardConditionalFixedValueTagProcessor
[THYMELEAF]             * [* {th:autoplay,data-th-autoplay}] [1000]: org.thymeleaf.standard.processor.StandardConditionalFixedValueTagProcessor
[THYMELEAF]             * [* {th:autofocus,data-th-autofocus}] [1000]: org.thymeleaf.standard.processor.StandardConditionalFixedValueTagProcessor
[THYMELEAF]             * [* {th:multiple,data-th-multiple}] [1000]: org.thymeleaf.standard.processor.StandardConditionalFixedValueTagProcessor
[THYMELEAF]             * [* {th:hidden,data-th-hidden}] [1000]: org.thymeleaf.standard.processor.StandardConditionalFixedValueTagProcessor
[THYMELEAF]             * [* {th:loop,data-th-loop}] [1000]: org.thymeleaf.standard.processor.StandardConditionalFixedValueTagProcessor
[THYMELEAF]             * [* {th:seamless,data-th-seamless}] [1000]: org.thymeleaf.standard.processor.StandardConditionalFixedValueTagProcessor
[THYMELEAF]             * [* {th:open,data-th-open}] [1000]: org.thymeleaf.standard.processor.StandardConditionalFixedValueTagProcessor
[...]
[THYMELEAF]             * [* {th:vspace,data-th-vspace}] [1000]: org.thymeleaf.standard.processor.StandardRemovableAttributeTagProcessor
[THYMELEAF]             * [* {th:max,data-th-max}] [1000]: org.thymeleaf.standard.processor.StandardRemovableAttributeTagProcessor
[THYMELEAF]             * [* {th:radiogroup,data-th-radiogroup}] [1000]: org.thymeleaf.standard.processor.StandardRemovableAttributeTagProcessor
[THYMELEAF]             * [* {th:cellpadding,data-th-cellpadding}] [1000]: org.thymeleaf.standard.processor.StandardRemovableAttributeTagProcessor
[THYMELEAF]             * [* {th:hreflang,data-th-hreflang}] [1000]: org.thymeleaf.standard.processor.StandardRemovableAttributeTagProcessor
[THYMELEAF]             * [* {th:bgcolor,data-th-bgcolor}] [1000]: org.thymeleaf.standard.processor.StandardRemovableAttributeTagProcessor
[THYMELEAF]             * [* {th:data,data-th-data}] [1000]: org.thymeleaf.standard.processor.StandardRemovableAttributeTagProcessor
[THYMELEAF]             * [* {th:preload,data-th-preload}] [1000]: org.thymeleaf.standard.processor.StandardRemovableAttributeTagProcessor
[THYMELEAF]             * [* {th:abbr,data-th-abbr}] [1000]: org.thymeleaf.standard.processor.StandardRemovableAttributeTagProcessor
[THYMELEAF]             * [* {th:for,data-th-for}] [1000]: org.thymeleaf.standard.processor.StandardRemovableAttributeTagProcessor
[THYMELEAF]             * [* {th:enctype,data-th-enctype}] [1000]: org.thymeleaf.standard.processor.StandardRemovableAttributeTagProcessor
[THYMELEAF]             * [* {th:scrolling,data-th-scrolling}] [1000]: org.thymeleaf.standard.processor.StandardRemovableAttributeTagProcessor
[THYMELEAF]             * [* {th:srclang,data-th-srclang}] [1000]: org.thymeleaf.standard.processor.StandardRemovableAttributeTagProcessor
[THYMELEAF]             * [* {th:title,data-th-title}] [1000]: org.thymeleaf.standard.processor.StandardRemovableAttributeTagProcessor
[THYMELEAF]             * [* {th:rules,data-th-rules}] [1000]: org.thymeleaf.standard.processor.StandardRemovableAttributeTagProcessor
[THYMELEAF]             * [* {th:min,data-th-min}] [1000]: org.thymeleaf.standard.processor.StandardRemovableAttributeTagProcessor
[THYMELEAF]             * [* {th:size,data-th-size}] [1000]: org.thymeleaf.standard.processor.StandardRemovableAttributeTagProcessor
[THYMELEAF]             * [* {th:contenteditable,data-th-contenteditable}] [1000]: org.thymeleaf.standard.processor.StandardRemovableAttributeTagProcessor
[THYMELEAF]             * [* {th:pattern,data-th-pattern}] [1000]: org.thymeleaf.standard.processor.StandardRemovableAttributeTagProcessor
[THYMELEAF]             * [* {th:wrap,data-th-wrap}] [1000]: org.thymeleaf.standard.processor.StandardRemovableAttributeTagProcessor
[THYMELEAF]             * [* {th:cols,data-th-cols}] [1000]: org.thymeleaf.standard.processor.StandardRemovableAttributeTagProcessor
[THYMELEAF]             * [* {th:charset,data-th-charset}] [1000]: org.thymeleaf.standard.processor.StandardRemovableAttributeTagProcessor
[THYMELEAF]             * [* {th:scheme,data-th-scheme}] [1000]: org.thymeleaf.standard.processor.StandardRemovableAttributeTagProcessor
[THYMELEAF]             * [* {th:keytype,data-th-keytype}] [1000]: org.thymeleaf.standard.processor.StandardRemovableAttributeTagProcessor
[THYMELEAF]             * [* {th:tabindex,data-th-tabindex}] [1000]: org.thymeleaf.standard.processor.StandardRemovableAttributeTagProcessor
[THYMELEAF]             * [* {th:standby,data-th-standby}] [1000]: org.thymeleaf.standard.processor.StandardRemovableAttributeTagProcessor
[THYMELEAF]             * [* {th:marginwidth,data-th-marginwidth}] [1000]: org.thymeleaf.standard.processor.StandardRemovableAttributeTagProcessor
[THYMELEAF]             * [* {th:cellspacing,data-th-cellspacing}] [1000]: org.thymeleaf.standard.processor.StandardRemovableAttributeTagProcessor
[THYMELEAF]             * [* {th:step,data-th-step}] [1000]: org.thymeleaf.standard.processor.StandardRemovableAttributeTagProcessor
[THYMELEAF]             * [* {th:span,data-th-span}] [1000]: org.thymeleaf.standard.processor.StandardRemovableAttributeTagProcessor
[THYMELEAF]             * [* {th:alt,data-th-alt}] [1000]: org.thymeleaf.standard.processor.StandardRemovableAttributeTagProcessor
[THYMELEAF]             * [* {th:classid,data-th-classid}] [1000]: org.thymeleaf.standard.processor.StandardRemovableAttributeTagProcessor
[THYMELEAF]             * [* {th:target,data-th-target}] [1000]: org.thymeleaf.standard.processor.StandardRemovableAttributeTagProcessor
[THYMELEAF]             * [* {th:summary,data-th-summary}] [1000]: org.thymeleaf.standard.processor.StandardRemovableAttributeTagProcessor
[THYMELEAF]             * [* {th:poster,data-th-poster}] [1000]: org.thymeleaf.standard.processor.StandardRemovableAttributeTagProcessor
[THYMELEAF]             * [* {th:high,data-th-high}] [1000]: org.thymeleaf.standard.processor.StandardRemovableAttributeTagProcessor
[THYMELEAF]             * [* {th:archive,data-th-archive}] [1000]: org.thymeleaf.standard.processor.StandardRemovableAttributeTagProcessor
[THYMELEAF]             * [* {th:frame,data-th-frame}] [1000]: org.thymeleaf.standard.processor.StandardRemovableAttributeTagProcessor
[THYMELEAF]             * [* {th:rowspan,data-th-rowspan}] [1000]: org.thymeleaf.standard.processor.StandardRemovableAttributeTagProcessor
[THYMELEAF]             * [* {th:src,data-th-src}] [1000]: org.thymeleaf.standard.processor.StandardSrcTagProcessor
[THYMELEAF]             * [* {th:value,data-th-value}] [1000]: org.thymeleaf.standard.processor.StandardValueTagProcessor
[THYMELEAF]             * [* {th:xmlbase,data-th-xmlbase}] [1000]: org.thymeleaf.standard.processor.StandardXmlBaseTagProcessor
[THYMELEAF]             * [* {th:xmllang,data-th-xmllang}] [1000]: org.thymeleaf.standard.processor.StandardXmlLangTagProcessor
[THYMELEAF]             * [* {xmlns:th}] [1000]: org.thymeleaf.standard.processor.StandardXmlNsTagProcessor
[THYMELEAF]             * [* {th:xmlspace,data-th-xmlspace}] [1000]: org.thymeleaf.standard.processor.StandardXmlSpaceTagProcessor
[THYMELEAF]             * [* {th:classappend,data-th-classappend}] [1100]: org.thymeleaf.standard.processor.StandardClassappendTagProcessor
[THYMELEAF]             * [* {th:styleappend,data-th-styleappend}] [1100]: org.thymeleaf.standard.processor.StandardStyleappendTagProcessor
[THYMELEAF]             * [* {th:text,data-th-text}] [1300]: org.thymeleaf.standard.processor.StandardTextTagProcessor
[THYMELEAF]             * [* {th:utext,data-th-utext}] [1400]: org.thymeleaf.standard.processor.StandardUtextTagProcessor
[THYMELEAF]             * [* {th:fragment,data-th-fragment}] [1500]: org.thymeleaf.standard.processor.StandardFragmentTagProcessor
[THYMELEAF]             * [* {th:assert,data-th-assert}] [1550]: org.thymeleaf.standard.processor.StandardAssertTagProcessor
[THYMELEAF]             * [* {th:remove,data-th-remove}] [1600]: org.thymeleaf.standard.processor.StandardRemoveTagProcessor
[THYMELEAF]             * [* {th:ref,data-th-ref}] [10000]: org.thymeleaf.standard.processor.StandardRefAttributeTagProcessor
[THYMELEAF]             * [{th:block,th-block} *] [100000]: org.thymeleaf.standard.processor.StandardBlockTagProcessor
[THYMELEAF]             * [* th:*] [2147483647]: org.thymeleaf.standard.processor.StandardDefaultAttributesTagProcessor
[THYMELEAF]         * Text Processors by [precedence]:
[THYMELEAF]             * [1000]: org.thymeleaf.standard.processor.StandardInliningTextProcessor
[THYMELEAF]         * DOCTYPE Processors by [precedence]:
[THYMELEAF]             * [1000]: org.thymeleaf.standard.processor.StandardTranslationDocTypeProcessor
[THYMELEAF]         * CDATA Section Processors by [precedence]:
[THYMELEAF]             * [1000]: org.thymeleaf.standard.processor.StandardInliningCDATASectionProcessor
[THYMELEAF]         * Comment Processors by [precedence]:
[THYMELEAF]             * [1000]: org.thymeleaf.standard.processor.StandardInliningCommentProcessor
[THYMELEAF]             * [1100]: org.thymeleaf.standard.processor.StandardConditionalCommentProcessor
[THYMELEAF]     * Processors for Template Mode: XML
[THYMELEAF]         * Element Tag Processors by [matching element and attribute name] [precedence]:
[THYMELEAF]             * [* {th:include}] [100]: org.thymeleaf.standard.processor.StandardIncludeTagProcessor
[THYMELEAF]             * [* {th:insert}] [100]: org.thymeleaf.standard.processor.StandardInsertTagProcessor
[THYMELEAF]             * [* {th:replace}] [100]: org.thymeleaf.standard.processor.StandardReplaceTagProcessor
[THYMELEAF]             * [* {th:each}] [200]: com.intuit.karate.template.KarateEachTagProcessor
[THYMELEAF]             * [* {th:switch}] [250]: org.thymeleaf.standard.processor.StandardSwitchTagProcessor
[THYMELEAF]             * [* {th:case}] [275]: org.thymeleaf.standard.processor.StandardCaseTagProcessor
[THYMELEAF]             * [* {th:if}] [300]: org.thymeleaf.standard.processor.StandardIfTagProcessor
[THYMELEAF]             * [* {th:unless}] [400]: org.thymeleaf.standard.processor.StandardUnlessTagProcessor
[THYMELEAF]             * [* {th:object}] [500]: org.thymeleaf.standard.processor.StandardObjectTagProcessor
[THYMELEAF]             * [* {th:with}] [600]: com.intuit.karate.template.KarateWithTagProcessor
[THYMELEAF]             * [* {th:attr}] [700]: com.intuit.karate.template.KarateAttributeTagProcessor.KarateAttrTagProcessor
[THYMELEAF]             * [* {th:attrappend}] [900]: com.intuit.karate.template.KarateAttributeTagProcessor.KarateAttrappendTagProcessor
[THYMELEAF]             * [* {th:attrprepend}] [900]: com.intuit.karate.template.KarateAttributeTagProcessor.KarateAttrprependTagProcessor
[THYMELEAF]             * [* {th:inline}] [1000]: org.thymeleaf.standard.processor.StandardInlineXMLTagProcessor
[THYMELEAF]             * [* {xmlns:th}] [1000]: org.thymeleaf.standard.processor.StandardXmlNsTagProcessor
[THYMELEAF]             * [* {th:text}] [1300]: org.thymeleaf.standard.processor.StandardTextTagProcessor
[THYMELEAF]             * [* {th:utext}] [1400]: org.thymeleaf.standard.processor.StandardUtextTagProcessor
[THYMELEAF]             * [* {th:fragment}] [1500]: org.thymeleaf.standard.processor.StandardFragmentTagProcessor
[THYMELEAF]             * [* {th:assert}] [1550]: org.thymeleaf.standard.processor.StandardAssertTagProcessor
[THYMELEAF]             * [* {th:remove}] [1600]: org.thymeleaf.standard.processor.StandardRemoveTagProcessor
[THYMELEAF]             * [* {th:ref}] [10000]: org.thymeleaf.standard.processor.StandardRefAttributeTagProcessor
[THYMELEAF]             * [{th:block} *] [100000]: org.thymeleaf.standard.processor.StandardBlockTagProcessor
[THYMELEAF]             * [* th:*] [2147483647]: org.thymeleaf.standard.processor.StandardDefaultAttributesTagProcessor
[THYMELEAF]         * Text Processors by [precedence]:
[THYMELEAF]             * [1000]: org.thymeleaf.standard.processor.StandardInliningTextProcessor
[THYMELEAF]         * CDATA Section Processors by [precedence]:
[THYMELEAF]             * [1000]: org.thymeleaf.standard.processor.StandardInliningCDATASectionProcessor
[THYMELEAF]         * Comment Processors by [precedence]:
[THYMELEAF]             * [1000]: org.thymeleaf.standard.processor.StandardInliningCommentProcessor
[THYMELEAF]     * Processors for Template Mode: TEXT
[THYMELEAF]         * Element Tag Processors by [matching element and attribute name] [precedence]:
[THYMELEAF]             * [* {th:insert}] [100]: org.thymeleaf.standard.processor.StandardInsertTagProcessor
[THYMELEAF]             * [* {th:replace}] [100]: org.thymeleaf.standard.processor.StandardReplaceTagProcessor
[THYMELEAF]             * [* {th:each}] [200]: com.intuit.karate.template.KarateEachTagProcessor
[THYMELEAF]             * [* {th:switch}] [250]: org.thymeleaf.standard.processor.StandardSwitchTagProcessor
[THYMELEAF]             * [* {th:case}] [275]: org.thymeleaf.standard.processor.StandardCaseTagProcessor
[THYMELEAF]             * [* {th:if}] [300]: org.thymeleaf.standard.processor.StandardIfTagProcessor
[THYMELEAF]             * [* {th:unless}] [400]: org.thymeleaf.standard.processor.StandardUnlessTagProcessor
[THYMELEAF]             * [* {th:object}] [500]: org.thymeleaf.standard.processor.StandardObjectTagProcessor
[THYMELEAF]             * [* {th:with}] [600]: com.intuit.karate.template.KarateWithTagProcessor
[THYMELEAF]             * [* {th:inline}] [1000]: org.thymeleaf.standard.processor.StandardInlineTextualTagProcessor
[THYMELEAF]             * [* {th:text}] [1300]: org.thymeleaf.standard.processor.StandardTextTagProcessor
[THYMELEAF]             * [* {th:utext}] [1400]: org.thymeleaf.standard.processor.StandardUtextTagProcessor
[THYMELEAF]             * [* {th:assert}] [1550]: org.thymeleaf.standard.processor.StandardAssertTagProcessor
[THYMELEAF]             * [* {th:remove}] [1600]: org.thymeleaf.standard.processor.StandardRemoveTagProcessor
[THYMELEAF]             * [* 100000] [org.thymeleaf.standard.processor.StandardBlockTagProcessor]: {}
[THYMELEAF]             * [{th:block} *] [100000]: org.thymeleaf.standard.processor.StandardBlockTagProcessor
[THYMELEAF]         * Text Processors by [precedence]:
[THYMELEAF]             * [1000]: org.thymeleaf.standard.processor.StandardInliningTextProcessor
[THYMELEAF]     * Processors for Template Mode: JAVASCRIPT
[THYMELEAF]         * Element Tag Processors by [matching element and attribute name] [precedence]:
[THYMELEAF]             * [* {th:insert}] [100]: org.thymeleaf.standard.processor.StandardInsertTagProcessor
[THYMELEAF]             * [* {th:replace}] [100]: org.thymeleaf.standard.processor.StandardReplaceTagProcessor
[THYMELEAF]             * [* {th:each}] [200]: com.intuit.karate.template.KarateEachTagProcessor
[THYMELEAF]             * [* {th:switch}] [250]: org.thymeleaf.standard.processor.StandardSwitchTagProcessor
[THYMELEAF]             * [* {th:case}] [275]: org.thymeleaf.standard.processor.StandardCaseTagProcessor
[THYMELEAF]             * [* {th:if}] [300]: org.thymeleaf.standard.processor.StandardIfTagProcessor
[THYMELEAF]             * [* {th:unless}] [400]: org.thymeleaf.standard.processor.StandardUnlessTagProcessor
[THYMELEAF]             * [* {th:object}] [500]: org.thymeleaf.standard.processor.StandardObjectTagProcessor
[THYMELEAF]             * [* {th:with}] [600]: com.intuit.karate.template.KarateWithTagProcessor
[THYMELEAF]             * [* {th:inline}] [1000]: org.thymeleaf.standard.processor.StandardInlineTextualTagProcessor
[THYMELEAF]             * [* {th:text}] [1300]: org.thymeleaf.standard.processor.StandardTextTagProcessor
[THYMELEAF]             * [* {th:utext}] [1400]: org.thymeleaf.standard.processor.StandardUtextTagProcessor
[THYMELEAF]             * [* {th:assert}] [1550]: org.thymeleaf.standard.processor.StandardAssertTagProcessor
[THYMELEAF]             * [* {th:remove}] [1600]: org.thymeleaf.standard.processor.StandardRemoveTagProcessor
[THYMELEAF]             * [* 100000] [org.thymeleaf.standard.processor.StandardBlockTagProcessor]: {}
[THYMELEAF]             * [{th:block} *] [100000]: org.thymeleaf.standard.processor.StandardBlockTagProcessor
[THYMELEAF]         * Text Processors by [precedence]:
[THYMELEAF]             * [1000]: org.thymeleaf.standard.processor.StandardInliningTextProcessor
[THYMELEAF]     * Processors for Template Mode: CSS
[THYMELEAF]         * Element Tag Processors by [matching element and attribute name] [precedence]:
[THYMELEAF]             * [* {th:insert}] [100]: org.thymeleaf.standard.processor.StandardInsertTagProcessor
[THYMELEAF]             * [* {th:replace}] [100]: org.thymeleaf.standard.processor.StandardReplaceTagProcessor
[THYMELEAF]             * [* {th:each}] [200]: com.intuit.karate.template.KarateEachTagProcessor
[THYMELEAF]             * [* {th:switch}] [250]: org.thymeleaf.standard.processor.StandardSwitchTagProcessor
[THYMELEAF]             * [* {th:case}] [275]: org.thymeleaf.standard.processor.StandardCaseTagProcessor
[THYMELEAF]             * [* {th:if}] [300]: org.thymeleaf.standard.processor.StandardIfTagProcessor
[THYMELEAF]             * [* {th:unless}] [400]: org.thymeleaf.standard.processor.StandardUnlessTagProcessor
[THYMELEAF]             * [* {th:object}] [500]: org.thymeleaf.standard.processor.StandardObjectTagProcessor
[THYMELEAF]             * [* {th:with}] [600]: com.intuit.karate.template.KarateWithTagProcessor
[THYMELEAF]             * [* {th:inline}] [1000]: org.thymeleaf.standard.processor.StandardInlineTextualTagProcessor
[THYMELEAF]             * [* {th:text}] [1300]: org.thymeleaf.standard.processor.StandardTextTagProcessor
[THYMELEAF]             * [* {th:utext}] [1400]: org.thymeleaf.standard.processor.StandardUtextTagProcessor
[THYMELEAF]             * [* {th:assert}] [1550]: org.thymeleaf.standard.processor.StandardAssertTagProcessor
[THYMELEAF]             * [* {th:remove}] [1600]: org.thymeleaf.standard.processor.StandardRemoveTagProcessor
[THYMELEAF]             * [{th:block} *] [100000]: org.thymeleaf.standard.processor.StandardBlockTagProcessor
[THYMELEAF]             * [* 100000] [org.thymeleaf.standard.processor.StandardBlockTagProcessor]: {}
[THYMELEAF]         * Text Processors by [precedence]:
[THYMELEAF]             * [1000]: org.thymeleaf.standard.processor.StandardInliningTextProcessor
[THYMELEAF]     * Expression Objects:
[THYMELEAF]         * #ctx
[THYMELEAF]         * #root
[THYMELEAF]         * #vars
[THYMELEAF]         * #object
[THYMELEAF]         * #locale
[THYMELEAF]         * #conversions
[THYMELEAF]         * #uris
[THYMELEAF]         * #temporals
[THYMELEAF]         * #calendars
[THYMELEAF]         * #dates
[THYMELEAF]         * #bools
[THYMELEAF]         * #numbers
[THYMELEAF]         * #objects
[THYMELEAF]         * #strings
[THYMELEAF]         * #arrays
[THYMELEAF]         * #lists
[THYMELEAF]         * #sets
[THYMELEAF]         * #maps
[THYMELEAF]         * #aggregates
[THYMELEAF]         * #messages
[THYMELEAF]         * #ids
[THYMELEAF]         * #execInfo
[THYMELEAF]         * #request
[THYMELEAF]         * #response
[THYMELEAF]         * #session
[THYMELEAF]         * #servletContext
[THYMELEAF]     * Execution Attributes:
[THYMELEAF]         * "StandardExpressionParser": com.intuit.karate.template.KarateStandardDialect@14d1032a
[THYMELEAF]         * "StandardJavaScriptSerializer": org.thymeleaf.standard.serializer.StandardJavaScriptSerializer@6ca367aa
[THYMELEAF]         * "StandardCSSSerializer": org.thymeleaf.standard.serializer.StandardCSSSerializer@30ed4034
[THYMELEAF]         * "StandardVariableExpressionEvaluator": com.intuit.karate.template.KarateStandardDialect@14d1032a
[THYMELEAF]         * "StandardConversionService": org.thymeleaf.standard.expression.StandardConversionService@1700d089
[THYMELEAF] * Dialect [2 of 2]: karate (com.intuit.karate.template.KarateScriptDialect)
[THYMELEAF]     * Prefix: "ka"
[THYMELEAF]     * Processors for Template Mode: HTML
[THYMELEAF]         * Element Tag Processors by [matching element and attribute name] [precedence]:
[THYMELEAF]             * [* {src}] [1000]: com.intuit.karate.template.KaScriptAttrProcessor
[THYMELEAF]         * Element Model Processors by [matching element and attribute name] [precedence]:
[THYMELEAF]             * [{script} {ka:scope,data-ka-scope}] [1000]: com.intuit.karate.template.KaScriptElemProcessor
[THYMELEAF]             * [* {ka:set,data-ka-set}] [1000]: com.intuit.karate.template.KaSetElemProcessor
[THYMELEAF] TEMPLATE ENGINE CONFIGURED OK
22:08:08.365 [main] DEBUG org.thymeleaf.TemplateEngine -- [THYMELEAF] TEMPLATE ENGINE INITIALIZED

HTML report: (paste into browser to view) | Karate version: 1.5.2
file:///Users/shantanu/B/AirTribe/PythonC19/ledger_app/karate-tests/target/karate-reports/karate-summary.html
===================================================================

]]></system-out>
  </testcase>
</testsuite>